#
# There is insufficient memory for the Java Runtime Environment to continue.
# Native memory allocation (mmap) failed to map 167772160 bytes for Failed to commit area from 0x0000000761400000 to 0x000000076b400000 of length 167772160.
# Possible reasons:
#   The system is out of physical RAM or swap space
#   The process is running with CompressedOops enabled, and the Java Heap may be blocking the growth of the native heap
# Possible solutions:
#   Reduce memory load on the system
#   Increase physical memory or swap space
#   Check if swap backing store is full
#   Decrease Java heap size (-Xmx/-Xms)
#   Decrease number of Java threads
#   Decrease Java thread stack sizes (-Xss)
#   Set larger code cache with -XX:ReservedCodeCacheSize=
# This output file may be truncated or incomplete.
#
#  Out of Memory Error (./src/hotspot/os/windows/os_windows.cpp:3619), pid=7088, tid=6636
#
# JRE version:  (11.0.13) (build )
# Java VM: OpenJDK 64-Bit Server VM (11.0.13+0-b1751.21-8125866, mixed mode, sharing, tiered, compressed oops, g1 gc, windows-amd64)
# No core dump will be written. Minidumps are not enabled by default on client versions of Windows
#

---------------  S U M M A R Y ------------

Command Line: org.jetbrains.kotlin.cli.jvm.K2JVMCompiler @C:\Users\Jesus\AndroidStudioProjects\Ingles\app\build\20240310_11085794615122906233.compiler.options

Host: AMD Ryzen 3 3300U with Radeon Vega Mobile Gfx  , 4 cores, 9G,  Windows 11 , 64 bit Build 22621 (10.0.22621.3235)
Time: Sun Mar 10 23:47:24 2024 Hora estándar central (México) elapsed time: 0.141083 seconds (0d 0h 0m 0s)

---------------  T H R E A D  ---------------

Current thread (0x00000262e799e800):  JavaThread "Unknown thread" [_thread_in_vm, id=6636, stack(0x0000008565c00000,0x0000008565d00000)]

Stack: [0x0000008565c00000,0x0000008565d00000]
Native frames: (J=compiled Java code, j=interpreted, Vv=VM code, C=native code)
V  [jvm.dll+0x6100fa]
V  [jvm.dll+0x747090]
V  [jvm.dll+0x7486ad]
V  [jvm.dll+0x748d83]
V  [jvm.dll+0x24ab48]
V  [jvm.dll+0x60d164]
V  [jvm.dll+0x601e75]
V  [jvm.dll+0x308bdb]
V  [jvm.dll+0x308b4a]
V  [jvm.dll+0x308a22]
V  [jvm.dll+0x30d986]
V  [jvm.dll+0x357093]
V  [jvm.dll+0x357796]
V  [jvm.dll+0x357193]
V  [jvm.dll+0x2e3448]
V  [jvm.dll+0x2e45f7]
V  [jvm.dll+0x7242e7]
V  [jvm.dll+0x725adc]
V  [jvm.dll+0x364629]
V  [jvm.dll+0x707cee]
V  [jvm.dll+0x3d2633]
V  [jvm.dll+0x3d4a21]
C  [jli.dll+0x536b]
C  [ucrtbase.dll+0x29363]
C  [KERNEL32.DLL+0x1257d]
C  [ntdll.dll+0x5aa58]


---------------  P R O C E S S  ---------------

Threads class SMR info:
_java_thread_list=0x00000262e5795420, length=0, elements={
}

Java Threads: ( => current thread )

Other Threads:
  0x00000262e79b7800 GCTaskThread "GC Thread#0" [stack: 0x0000008565d00000,0x0000008565e00000] [id=15960]
  0x00000262e79f3000 ConcurrentGCThread "G1 Main Marker" [stack: 0x0000008565e00000,0x0000008565f00000] [id=13504]
  0x00000262e79f5000 ConcurrentGCThread "G1 Conc#0" [stack: 0x0000008565f00000,0x0000008566000000] [id=5852]

[error occurred during error reporting (printing all threads), id 0xc0000005, EXCEPTION_ACCESS_VIOLATION (0xc0000005) at pc=0x00007ffe46223dd7]

VM state:not at safepoint (not fully initialized)

VM Mutex/Monitor currently owned by a thread:  ([mutex/lock_event])
[0x00000262e799aa40] Heap_lock - owner thread: 0x00000262e799e800

Heap address: 0x0000000761400000, size: 2540 MB, Compressed Oops mode: Non-zero based: 0x0000000761400000
Narrow klass base: 0x0000000000000000, Narrow klass shift: 0

GC Heap History (0 events):
No events

Deoptimization events (0 events):
No events

Classes redefined (0 events):
No events

Internal exceptions (0 events):
No events

Events (1 events):
Event: 0.020 Loaded shared library C:\Programas E\Archivos de Programas\Android\Android Studio\jre\bin\zip.dll


Dynamic libraries:
0x00007ff75cbf0000 - 0x00007ff75cbfa000 	C:\Programas E\Archivos de Programas\Android\Android Studio\jre\bin\java.exe
0x00007ffec2750000 - 0x00007ffec2966000 	C:\WINDOWS\SYSTEM32\ntdll.dll
0x00007ffec0db0000 - 0x00007ffec0e74000 	C:\WINDOWS\System32\KERNEL32.DLL
0x00007ffec0040000 - 0x00007ffec03e6000 	C:\WINDOWS\System32\KERNELBASE.dll
0x00007ffebfc00000 - 0x00007ffebfd11000 	C:\WINDOWS\System32\ucrtbase.dll
0x00007ffeb9470000 - 0x00007ffeb9489000 	C:\Programas E\Archivos de Programas\Android\Android Studio\jre\bin\jli.dll
0x00007ffebcb80000 - 0x00007ffebcb97000 	C:\Programas E\Archivos de Programas\Android\Android Studio\jre\bin\VCRUNTIME140.dll
0x00007ffec04a0000 - 0x00007ffec064d000 	C:\WINDOWS\System32\USER32.dll
0x00007ffec0470000 - 0x00007ffec0496000 	C:\WINDOWS\System32\win32u.dll
0x00007ffec12e0000 - 0x00007ffec1309000 	C:\WINDOWS\System32\GDI32.dll
0x00007ffebfe50000 - 0x00007ffebff68000 	C:\WINDOWS\System32\gdi32full.dll
0x00007ffea2830000 - 0x00007ffea2ac3000 	C:\WINDOWS\WinSxS\amd64_microsoft.windows.common-controls_6595b64144ccf1df_6.0.22621.3235_none_270f74e173860f98\COMCTL32.dll
0x00007ffebffa0000 - 0x00007ffec003a000 	C:\WINDOWS\System32\msvcp_win.dll
0x00007ffec1d10000 - 0x00007ffec1db7000 	C:\WINDOWS\System32\msvcrt.dll
0x00007ffec1100000 - 0x00007ffec1131000 	C:\WINDOWS\System32\IMM32.DLL
0x00007ffe8cb50000 - 0x00007ffe8cbed000 	C:\Programas E\Archivos de Programas\Android\Android Studio\jre\bin\msvcp140.dll
0x00007ffe45f30000 - 0x00007ffe46a32000 	C:\Programas E\Archivos de Programas\Android\Android Studio\jre\bin\server\jvm.dll
0x00007ffec0fe0000 - 0x00007ffec1092000 	C:\WINDOWS\System32\ADVAPI32.dll
0x00007ffec1dc0000 - 0x00007ffec1e68000 	C:\WINDOWS\System32\sechost.dll
0x00007ffebff70000 - 0x00007ffebff98000 	C:\WINDOWS\System32\bcrypt.dll
0x00007ffec1310000 - 0x00007ffec1425000 	C:\WINDOWS\System32\RPCRT4.dll
0x00007ffec0ed0000 - 0x00007ffec0ed8000 	C:\WINDOWS\System32\PSAPI.DLL
0x00007ffea1ab0000 - 0x00007ffea1ab9000 	C:\WINDOWS\SYSTEM32\WSOCK32.dll
0x00007ffec0d30000 - 0x00007ffec0da1000 	C:\WINDOWS\System32\WS2_32.dll
0x00007ffeb7b30000 - 0x00007ffeb7b64000 	C:\WINDOWS\SYSTEM32\WINMM.dll
0x00007ffeb9570000 - 0x00007ffeb957a000 	C:\WINDOWS\SYSTEM32\VERSION.dll
0x00007ffebeaa0000 - 0x00007ffebeab8000 	C:\WINDOWS\SYSTEM32\kernel.appcore.dll
0x00007ffe6d9a0000 - 0x00007ffe6d9b1000 	C:\Programas E\Archivos de Programas\Android\Android Studio\jre\bin\verify.dll
0x00007ffea22b0000 - 0x00007ffea24e3000 	C:\WINDOWS\SYSTEM32\DBGHELP.DLL
0x00007ffec22f0000 - 0x00007ffec2678000 	C:\WINDOWS\System32\combase.dll
0x00007ffec0930000 - 0x00007ffec0a07000 	C:\WINDOWS\System32\OLEAUT32.dll
0x00007ffea97a0000 - 0x00007ffea97d2000 	C:\WINDOWS\SYSTEM32\dbgcore.DLL
0x00007ffec03f0000 - 0x00007ffec046a000 	C:\WINDOWS\System32\bcryptPrimitives.dll
0x00007ffe6ab90000 - 0x00007ffe6abb9000 	C:\Programas E\Archivos de Programas\Android\Android Studio\jre\bin\java.dll
0x00007ffe8cc80000 - 0x00007ffe8cc8b000 	C:\Programas E\Archivos de Programas\Android\Android Studio\jre\bin\jimage.dll
0x00007ffe6ab70000 - 0x00007ffe6ab88000 	C:\Programas E\Archivos de Programas\Android\Android Studio\jre\bin\zip.dll

dbghelp: loaded successfully - version: 4.0.5 - missing functions: none
symbol engine: initialized successfully - sym options: 0x614 - pdb path: .;C:\Programas E\Archivos de Programas\Android\Android Studio\jre\bin;C:\WINDOWS\SYSTEM32;C:\WINDOWS\WinSxS\amd64_microsoft.windows.common-controls_6595b64144ccf1df_6.0.22621.3235_none_270f74e173860f98;C:\Programas E\Archivos de Programas\Android\Android Studio\jre\bin\server

VM Arguments:
java_command: org.jetbrains.kotlin.cli.jvm.K2JVMCompiler @C:\Users\Jesus\AndroidStudioProjects\Ingles\app\build\20240310_11085794615122906233.compiler.options
java_class_path (initial): C:\Users\Jesus\.gradle\caches\modules-2\files-2.1\org.jetbrains.kotlin\kotlin-compiler-embeddable\1.7.20\8db18559a581dd2c36ddfd5046af145650f5b126\kotlin-compiler-embeddable-1.7.20.jar;C:\Users\Jesus\.gradle\caches\modules-2\files-2.1\org.jetbrains.kotlin\kotlin-reflect\1.7.20\12b2501e33bb6373e8e347c86d85481863629381\kotlin-reflect-1.7.20.jar;C:\Users\Jesus\.gradle\caches\modules-2\files-2.1\org.jetbrains.kotlin\kotlin-stdlib\1.7.20\726594ea9ba2beb2ee113647fefa9a10f9fabe52\kotlin-stdlib-1.7.20.jar;C:\Users\Jesus\.gradle\caches\modules-2\files-2.1\org.jetbrains.kotlin\kotlin-script-runtime\1.7.20\bcd1cc6f865e632550357fcc59f5ffd532615a8\kotlin-script-runtime-1.7.20.jar;C:\Users\Jesus\.gradle\caches\modules-2\files-2.1\org.jetbrains.kotlin\kotlin-daemon-embeddable\1.7.20\1e24355adad8d529d75d5b19eab55484057431ba\kotlin-daemon-embeddable-1.7.20.jar;C:\Users\Jesus\.gradle\caches\modules-2\files-2.1\org.jetbrains.intellij.deps\trove4j\1.0.20200330\3afb14d5f9ceb459d724e907a21145e8ff394f02\trove4j-1.0.20200330.jar;C:\Users\Jesus\.gradle\caches\modules-2\files-2.1\net.java.dev.jna\jna\5.6.0\330f2244e9030119ab3030fc3fededc86713d9cc\jna-5.6.0.jar;C:\Users\Jesus\.gradle\caches\modules-2\files-2.1\org.jetbrains.kotlin\kotlin-stdlib-common\1.7.20\e15351bdaf9fa06f009be5da7a202e4184f00ae3\kotlin-stdlib-common-1.7.20.jar;C:\Users\Jesus\.gradle\caches\modules-2\files-2.1\org.jetbrains\annotations\13.0\919f0dfe192fb4e063e7dacadee7f8bb9a2672a9\annotations-13.0.jar
Launcher Type: SUN_STANDARD

[Global flags]
     intx CICompilerCount                          = 3                                         {product} {ergonomic}
     uint ConcGCThreads                            = 1                                         {product} {ergonomic}
     uint G1ConcRefinementThreads                  = 4                                         {product} {ergonomic}
   size_t G1HeapRegionSize                         = 1048576                                   {product} {ergonomic}
    uintx GCDrainStackTargetSize                   = 64                                        {product} {ergonomic}
   size_t InitialHeapSize                          = 167772160                                 {product} {ergonomic}
   size_t MarkStackSize                            = 4194304                                   {product} {ergonomic}
   size_t MaxHeapSize                              = 2663383040                                {product} {ergonomic}
   size_t MinHeapDeltaBytes                        = 1048576                                   {product} {ergonomic}
    uintx NonNMethodCodeHeapSize                   = 5830732                                {pd product} {ergonomic}
    uintx NonProfiledCodeHeapSize                  = 122913754                              {pd product} {ergonomic}
    uintx ProfiledCodeHeapSize                     = 122913754                              {pd product} {ergonomic}
    uintx ReservedCodeCacheSize                    = 251658240                              {pd product} {ergonomic}
     bool SegmentedCodeCache                       = true                                      {product} {ergonomic}
     bool UseCompressedClassPointers               = true                                 {lp64_product} {ergonomic}
     bool UseCompressedOops                        = true                                 {lp64_product} {ergonomic}
     bool UseG1GC                                  = true                                      {product} {ergonomic}
     bool UseLargePagesIndividualAllocation        = false                                  {pd product} {ergonomic}

Logging:
Log output configuration:
 #0: stdout all=warning uptime,level,tags
 #1: stderr all=off uptime,level,tags

Environment Variables:
PATH=C:\Program Files\Common Files\Oracle\Java\javapath;C:\WINDOWS\system32;C:\WINDOWS;C:\WINDOWS\System32\Wbem;C:\WINDOWS\System32\WindowsPowerShell\v1.0\;C:\WINDOWS\System32\OpenSSH\;C:\Program Files\Java\jdk-18.0.2.1;C:\Users\Jesus\AppData\Local\Programs\Python\Launcher\;C:\Users\Jesus\AppData\Local\Microsoft\WindowsApps;;C:\Program Files\Azure Data Studio\bin
USERNAME=Jesus
OS=Windows_NT
PROCESSOR_IDENTIFIER=AMD64 Family 23 Model 24 Stepping 1, AuthenticAMD



---------------  S Y S T E M  ---------------

OS: Windows 11 , 64 bit Build 22621 (10.0.22621.3235)
OS uptime: 3 days 7:10 hours
Hyper-V role detected

CPU:total 4 (initial active 4) (4 cores per cpu, 1 threads per core) family 23 model 24 stepping 1 microcode 0x0, cmov, cx8, fxsr, mmx, sse, sse2, sse3, ssse3, sse4.1, sse4.2, popcnt, avx, avx2, aes, clmul, mmxext, 3dnowpref, lzcnt, sse4a, tsc, tscinvbit, tscinv, bmi1, bmi2, adx, sha, fma

Memory: 4k page, system-wide physical 10153M (457M free)
TotalPageFile size 12201M (AvailPageFile size 33M)
current process WorkingSet (physical memory assigned to process): 11M, peak: 11M
current process commit charge ("private bytes"): 51M, peak: 211M

vm_info: OpenJDK 64-Bit Server VM (11.0.13+0-b1751.21-8125866) for windows-amd64 JRE (11.0.13+0-b1751.21-8125866), built on Feb  2 2022 03:00:22 by "builder" with MS VC++ 14.0 (VS2015)

END.
