#
# There is insufficient memory for the Java Runtime Environment to continue.
# Native memory allocation (malloc) failed to allocate 1056192 bytes for Chunk::new
# Possible reasons:
#   The system is out of physical RAM or swap space
#   The process is running with CompressedOops enabled, and the Java Heap may be blocking the growth of the native heap
# Possible solutions:
#   Reduce memory load on the system
#   Increase physical memory or swap space
#   Check if swap backing store is full
#   Decrease Java heap size (-Xmx/-Xms)
#   Decrease number of Java threads
#   Decrease Java thread stack sizes (-Xss)
#   Set larger code cache with -XX:ReservedCodeCacheSize=
#   JVM is running with Unscaled Compressed Oops mode in which the Java heap is
#     placed in the first 4GB address space. The Java Heap base address is the
#     maximum limit for the native heap growth. Please use -XX:HeapBaseMinAddress
#     to set the Java Heap base and to place the Java Heap above 4GB virtual address.
# This output file may be truncated or incomplete.
#
#  Out of Memory Error (arena.cpp:191), pid=5508, tid=16800
#
# JRE version: OpenJDK Runtime Environment (17.0.9) (build 17.0.9+0--11185874)
# Java VM: OpenJDK 64-Bit Server VM (17.0.9+0--11185874, mixed mode, tiered, compressed oops, compressed class ptrs, g1 gc, windows-amd64)
# No core dump will be written. Minidumps are not enabled by default on client versions of Windows
#

---------------  S U M M A R Y ------------

Command Line: --add-opens=java.base/java.util=ALL-UNNAMED --add-opens=java.base/java.lang=ALL-UNNAMED --add-opens=java.base/java.lang.invoke=ALL-UNNAMED --add-opens=java.base/java.util=ALL-UNNAMED --add-opens=java.prefs/java.util.prefs=ALL-UNNAMED --add-opens=java.prefs/java.util.prefs=ALL-UNNAMED --add-opens=java.base/java.nio.charset=ALL-UNNAMED --add-opens=java.base/java.net=ALL-UNNAMED --add-opens=java.base/java.util.concurrent.atomic=ALL-UNNAMED -Xmx2048m -Dfile.encoding=UTF-8 -Duser.country=MX -Duser.language=es -Duser.variant org.gradle.launcher.daemon.bootstrap.GradleDaemon 7.4

Host: AMD Ryzen 3 3300U with Radeon Vega Mobile Gfx  , 4 cores, 9G,  Windows 11 , 64 bit Build 22621 (10.0.22621.3374)
Time: Mon Apr  8 07:57:02 2024 Hora estándar central (México) elapsed time: 9.251912 seconds (0d 0h 0m 9s)

---------------  T H R E A D  ---------------

Current thread (0x00000266f90c32a0):  JavaThread "C2 CompilerThread0" daemon [_thread_in_native, id=16800, stack(0x000000fb97e00000,0x000000fb97f00000)]


Current CompileTask:
C2:   9252 3518       4       org.codehaus.groovy.reflection.CachedMethod::compareTo (25 bytes)

Stack: [0x000000fb97e00000,0x000000fb97f00000]
Native frames: (J=compiled Java code, j=interpreted, Vv=VM code, C=native code)
V  [jvm.dll+0x6886e9]
V  [jvm.dll+0x841e4a]
V  [jvm.dll+0x843a8e]
V  [jvm.dll+0x8440f3]
V  [jvm.dll+0x24c14f]
V  [jvm.dll+0xac44c]
V  [jvm.dll+0xaca9c]
V  [jvm.dll+0x36c1f7]
V  [jvm.dll+0x1be4b6]
V  [jvm.dll+0x21df09]
V  [jvm.dll+0x21d1d1]
V  [jvm.dll+0x1a674d]
V  [jvm.dll+0x22d088]
V  [jvm.dll+0x22b1c0]
V  [jvm.dll+0x7f62f7]
V  [jvm.dll+0x7f06aa]
V  [jvm.dll+0x687565]
C  [ucrtbase.dll+0x29333]
C  [KERNEL32.DLL+0x1257d]
C  [ntdll.dll+0x5aa48]


---------------  P R O C E S S  ---------------

Threads class SMR info:
_java_thread_list=0x0000026681be76b0, length=35, elements={
0x00000266df93b770, 0x00000266f8f28520, 0x00000266f8f15cb0, 0x00000266f906b0a0,
0x00000266f906bb70, 0x00000266f906c640, 0x00000266f906ef20, 0x00000266f90c32a0,
0x00000266f90c3bb0, 0x00000266f9147500, 0x00000266f9242f20, 0x00000266f9243400,
0x00000266ff388a60, 0x00000266ff04fcb0, 0x00000266fe4ba8a0, 0x00000266ff85d030,
0x00000266ff86f3e0, 0x00000266ff4f3a50, 0x00000266ff0c9830, 0x00000266ff0c74c0,
0x00000266ff0c6aa0, 0x00000266ff0c6590, 0x00000266ff0c6fb0, 0x00000266ff0c8900,
0x00000266ff0c79d0, 0x0000026680eafc80, 0x0000026680ead910, 0x0000026680eaed50,
0x0000026680eaf260, 0x0000026680eae330, 0x0000026680eb1ff0, 0x0000026680eabfc0,
0x00000266fff70440, 0x0000026680eb0190, 0x0000026680eb0bb0
}

Java Threads: ( => current thread )
  0x00000266df93b770 JavaThread "main" [_thread_blocked, id=12908, stack(0x000000fb97000000,0x000000fb97100000)]
  0x00000266f8f28520 JavaThread "Reference Handler" daemon [_thread_blocked, id=7504, stack(0x000000fb97700000,0x000000fb97800000)]
  0x00000266f8f15cb0 JavaThread "Finalizer" daemon [_thread_blocked, id=15648, stack(0x000000fb97800000,0x000000fb97900000)]
  0x00000266f906b0a0 JavaThread "Signal Dispatcher" daemon [_thread_blocked, id=16360, stack(0x000000fb97a00000,0x000000fb97b00000)]
  0x00000266f906bb70 JavaThread "Attach Listener" daemon [_thread_blocked, id=17980, stack(0x000000fb97b00000,0x000000fb97c00000)]
  0x00000266f906c640 JavaThread "Service Thread" daemon [_thread_blocked, id=8384, stack(0x000000fb97c00000,0x000000fb97d00000)]
  0x00000266f906ef20 JavaThread "Monitor Deflation Thread" daemon [_thread_blocked, id=16824, stack(0x000000fb97d00000,0x000000fb97e00000)]
=>0x00000266f90c32a0 JavaThread "C2 CompilerThread0" daemon [_thread_in_native, id=16800, stack(0x000000fb97e00000,0x000000fb97f00000)]
  0x00000266f90c3bb0 JavaThread "C1 CompilerThread0" daemon [_thread_blocked, id=3780, stack(0x000000fb97f00000,0x000000fb98000000)]
  0x00000266f9147500 JavaThread "Sweeper thread" daemon [_thread_blocked, id=17764, stack(0x000000fb98000000,0x000000fb98100000)]
  0x00000266f9242f20 JavaThread "Common-Cleaner" daemon [_thread_blocked, id=16640, stack(0x000000fb98100000,0x000000fb98200000)]
  0x00000266f9243400 JavaThread "Notification Thread" daemon [_thread_blocked, id=16008, stack(0x000000fb98200000,0x000000fb98300000)]
  0x00000266ff388a60 JavaThread "Daemon health stats" [_thread_blocked, id=17136, stack(0x000000fb98800000,0x000000fb98900000)]
  0x00000266ff04fcb0 JavaThread "Incoming local TCP Connector on port 53508" [_thread_in_native, id=13760, stack(0x000000fb98400000,0x000000fb98500000)]
  0x00000266fe4ba8a0 JavaThread "Daemon periodic checks" [_thread_blocked, id=10424, stack(0x000000fb98900000,0x000000fb98a00000)]
  0x00000266ff85d030 JavaThread "Daemon" [_thread_blocked, id=18316, stack(0x000000fb98b00000,0x000000fb98c00000)]
  0x00000266ff86f3e0 JavaThread "Handler for socket connection from /127.0.0.1:53508 to /127.0.0.1:53509" [_thread_in_native, id=13204, stack(0x000000fb98c00000,0x000000fb98d00000)]
  0x00000266ff4f3a50 JavaThread "Cancel handler" [_thread_blocked, id=4056, stack(0x000000fb98d00000,0x000000fb98e00000)]
  0x00000266ff0c9830 JavaThread "Daemon worker" [_thread_in_native, id=14064, stack(0x000000fb98e00000,0x000000fb98f00000)]
  0x00000266ff0c74c0 JavaThread "Asynchronous log dispatcher for DefaultDaemonConnection: socket connection from /127.0.0.1:53508 to /127.0.0.1:53509" [_thread_blocked, id=7704, stack(0x000000fb98f00000,0x000000fb99000000)]
  0x00000266ff0c6aa0 JavaThread "Stdin handler" [_thread_blocked, id=11896, stack(0x000000fb99000000,0x000000fb99100000)]
  0x00000266ff0c6590 JavaThread "Daemon client event forwarder" [_thread_blocked, id=17132, stack(0x000000fb99100000,0x000000fb99200000)]
  0x00000266ff0c6fb0 JavaThread "Cache worker for journal cache (C:\Users\Jesus\.gradle\caches\journal-1)" [_thread_blocked, id=2408, stack(0x000000fb98a00000,0x000000fb98b00000)]
  0x00000266ff0c8900 JavaThread "File lock request listener" [_thread_in_native, id=15588, stack(0x000000fb99200000,0x000000fb99300000)]
  0x00000266ff0c79d0 JavaThread "Cache worker for file hash cache (C:\Users\Jesus\.gradle\caches\7.4\fileHashes)" [_thread_blocked, id=17652, stack(0x000000fb99300000,0x000000fb99400000)]
  0x0000026680eafc80 JavaThread "File watcher server" daemon [_thread_in_native, id=16660, stack(0x000000fb99500000,0x000000fb99600000)]
  0x0000026680ead910 JavaThread "File watcher consumer" daemon [_thread_blocked, id=12180, stack(0x000000fb99600000,0x000000fb99700000)]
  0x0000026680eaed50 JavaThread "Cache worker for checksums cache (C:\Users\Jesus\AndroidStudioProjects\Ingles\.gradle\7.4\checksums)" [_thread_blocked, id=8920, stack(0x000000fb99700000,0x000000fb99800000)]
  0x0000026680eaf260 JavaThread "Cache worker for cache directory md-rule (C:\Users\Jesus\.gradle\caches\7.4\md-rule)" [_thread_blocked, id=9748, stack(0x000000fb99400000,0x000000fb99500000)]
  0x0000026680eae330 JavaThread "Cache worker for file hash cache (C:\Users\Jesus\AndroidStudioProjects\Ingles\.gradle\7.4\fileHashes)" [_thread_blocked, id=13316, stack(0x000000fb99800000,0x000000fb99900000)]
  0x0000026680eb1ff0 JavaThread "Cache worker for cache directory md-supplier (C:\Users\Jesus\.gradle\caches\7.4\md-supplier)" [_thread_blocked, id=6480, stack(0x000000fb99900000,0x000000fb99a00000)]
  0x0000026680eabfc0 JavaThread "Cache worker for execution history cache (C:\Users\Jesus\.gradle\caches\7.4\executionHistory)" [_thread_blocked, id=11128, stack(0x000000fb99a00000,0x000000fb99b00000)]
  0x00000266fff70440 JavaThread "C2 CompilerThread1" daemon [_thread_in_native, id=10828, stack(0x000000fb99b00000,0x000000fb99c00000)]
  0x0000026680eb0190 JavaThread "jar transforms" [_thread_blocked, id=16932, stack(0x000000fb99d00000,0x000000fb99e00000)]
  0x0000026680eb0bb0 JavaThread "Cache worker for file content cache (C:\Users\Jesus\.gradle\caches\7.4\fileContent)" [_thread_blocked, id=8856, stack(0x000000fb99e00000,0x000000fb99f00000)]

Other Threads:
  0x00000266f8eda190 VMThread "VM Thread" [stack: 0x000000fb97600000,0x000000fb97700000] [id=4024]
  0x00000266f925fef0 WatcherThread [stack: 0x000000fb98300000,0x000000fb98400000] [id=17228]
  0x00000266df995420 GCTaskThread "GC Thread#0" [stack: 0x000000fb97100000,0x000000fb97200000] [id=14104]
  0x00000266f972d310 GCTaskThread "GC Thread#1" [stack: 0x000000fb98500000,0x000000fb98600000] [id=16508]
  0x00000266f986b8a0 GCTaskThread "GC Thread#2" [stack: 0x000000fb98600000,0x000000fb98700000] [id=17312]
  0x00000266fe3d98d0 GCTaskThread "GC Thread#3" [stack: 0x000000fb98700000,0x000000fb98800000] [id=15000]
  0x00000266df9a7b20 ConcurrentGCThread "G1 Main Marker" [stack: 0x000000fb97200000,0x000000fb97300000] [id=18140]
  0x00000266df9a8540 ConcurrentGCThread "G1 Conc#0" [stack: 0x000000fb97300000,0x000000fb97400000] [id=7248]
  0x00000266f8d88510 ConcurrentGCThread "G1 Refine#0" [stack: 0x000000fb97400000,0x000000fb97500000] [id=1228]
  0x00000266fff79400 ConcurrentGCThread "G1 Refine#1" [stack: 0x000000fb99c00000,0x000000fb99d00000] [id=3076]
  0x00000266f8d88e50 ConcurrentGCThread "G1 Service" [stack: 0x000000fb97500000,0x000000fb97600000] [id=16408]

Threads with active compile tasks:
C2 CompilerThread0     9295 3518       4       org.codehaus.groovy.reflection.CachedMethod::compareTo (25 bytes)
C2 CompilerThread1     9295 3646       4       org.objectweb.asm.Frame::execute (2318 bytes)

VM state: not at safepoint (normal execution)

VM Mutex/Monitor currently owned by a thread: None

Heap address: 0x0000000080000000, size: 2048 MB, Compressed Oops mode: 32-bit

CDS archive(s) not mapped
Compressed class space mapped at: 0x0000000100000000-0x0000000140000000, reserved size: 1073741824
Narrow klass base: 0x0000000000000000, Narrow klass shift: 3, Narrow klass range: 0x140000000

GC Precious Log:
 CPUs: 4 total, 4 available
 Memory: 10153M
 Large Page Support: Disabled
 NUMA Support: Disabled
 Compressed Oops: Enabled (32-bit)
 Heap Region Size: 1M
 Heap Min Capacity: 8M
 Heap Initial Capacity: 160M
 Heap Max Capacity: 2G
 Pre-touch: Disabled
 Parallel Workers: 4
 Concurrent Workers: 1
 Concurrent Refinement Workers: 4
 Periodic GC: Disabled

Heap:
 garbage-first heap   total 81920K, used 42421K [0x0000000080000000, 0x0000000100000000)
  region size 1024K, 15 young (15360K), 2 survivors (2048K)
 Metaspace       used 40862K, committed 41216K, reserved 1114112K
  class space    used 5339K, committed 5504K, reserved 1048576K

Heap Regions: E=young(eden), S=young(survivor), O=old, HS=humongous(starts), HC=humongous(continues), CS=collection set, F=free, OA=open archive, CA=closed archive, TAMS=top-at-mark-start (previous, next)
|   0|0x0000000080000000, 0x0000000080100000, 0x0000000080100000|100%|HS|  |TAMS 0x0000000080100000, 0x0000000080100000| Complete 
|   1|0x0000000080100000, 0x0000000080200000, 0x0000000080200000|100%|HC|  |TAMS 0x0000000080200000, 0x0000000080200000| Complete 
|   2|0x0000000080200000, 0x0000000080300000, 0x0000000080300000|100%|HC|  |TAMS 0x0000000080300000, 0x0000000080300000| Complete 
|   3|0x0000000080300000, 0x0000000080400000, 0x0000000080400000|100%| O|  |TAMS 0x0000000080400000, 0x0000000080400000| Untracked 
|   4|0x0000000080400000, 0x0000000080500000, 0x0000000080500000|100%| O|  |TAMS 0x0000000080500000, 0x0000000080500000| Untracked 
|   5|0x0000000080500000, 0x0000000080600000, 0x0000000080600000|100%| O|  |TAMS 0x0000000080600000, 0x0000000080600000| Untracked 
|   6|0x0000000080600000, 0x0000000080700000, 0x0000000080700000|100%| O|  |TAMS 0x0000000080700000, 0x0000000080700000| Untracked 
|   7|0x0000000080700000, 0x0000000080800000, 0x0000000080800000|100%| O|  |TAMS 0x0000000080800000, 0x0000000080800000| Untracked 
|   8|0x0000000080800000, 0x0000000080900000, 0x0000000080900000|100%| O|  |TAMS 0x0000000080900000, 0x0000000080900000| Untracked 
|   9|0x0000000080900000, 0x0000000080a00000, 0x0000000080a00000|100%| O|  |TAMS 0x0000000080a00000, 0x0000000080a00000| Untracked 
|  10|0x0000000080a00000, 0x0000000080b00000, 0x0000000080b00000|100%|HS|  |TAMS 0x0000000080a00000, 0x0000000080b00000| Complete 
|  11|0x0000000080b00000, 0x0000000080c00000, 0x0000000080c00000|100%| O|  |TAMS 0x0000000080c00000, 0x0000000080c00000| Untracked 
|  12|0x0000000080c00000, 0x0000000080d00000, 0x0000000080d00000|100%| O|  |TAMS 0x0000000080d00000, 0x0000000080d00000| Untracked 
|  13|0x0000000080d00000, 0x0000000080e00000, 0x0000000080e00000|100%| O|  |TAMS 0x0000000080e00000, 0x0000000080e00000| Untracked 
|  14|0x0000000080e00000, 0x0000000080f00000, 0x0000000080f00000|100%| O|  |TAMS 0x0000000080e00000, 0x0000000080f00000| Untracked 
|  15|0x0000000080f00000, 0x0000000081000000, 0x0000000081000000|100%| O|  |TAMS 0x0000000080f00000, 0x0000000081000000| Untracked 
|  16|0x0000000081000000, 0x0000000081100000, 0x0000000081100000|100%| O|  |TAMS 0x0000000081000000, 0x0000000081100000| Untracked 
|  17|0x0000000081100000, 0x0000000081200000, 0x0000000081200000|100%| O|  |TAMS 0x0000000081100000, 0x0000000081200000| Untracked 
|  18|0x0000000081200000, 0x0000000081300000, 0x0000000081300000|100%| O|  |TAMS 0x0000000081200000, 0x0000000081300000| Untracked 
|  19|0x0000000081300000, 0x0000000081400000, 0x0000000081400000|100%| O|  |TAMS 0x0000000081300000, 0x0000000081400000| Untracked 
|  20|0x0000000081400000, 0x0000000081500000, 0x0000000081500000|100%| O|  |TAMS 0x0000000081400000, 0x0000000081500000| Untracked 
|  21|0x0000000081500000, 0x0000000081600000, 0x0000000081600000|100%| O|  |TAMS 0x0000000081600000, 0x0000000081600000| Untracked 
|  22|0x0000000081600000, 0x0000000081700000, 0x0000000081700000|100%| O|  |TAMS 0x0000000081700000, 0x0000000081700000| Untracked 
|  23|0x0000000081700000, 0x0000000081800000, 0x0000000081800000|100%| O|  |TAMS 0x00000000817de800, 0x0000000081800000| Untracked 
|  24|0x0000000081800000, 0x0000000081900000, 0x0000000081900000|100%| O|  |TAMS 0x0000000081800000, 0x0000000081900000| Untracked 
|  25|0x0000000081900000, 0x0000000081a00000, 0x0000000081a00000|100%| O|  |TAMS 0x0000000081900000, 0x0000000081a00000| Untracked 
|  26|0x0000000081a00000, 0x0000000081a23c00, 0x0000000081b00000| 13%| O|  |TAMS 0x0000000081a00000, 0x0000000081a23c00| Untracked 
|  27|0x0000000081b00000, 0x0000000081c00000, 0x0000000081c00000|100%|HS|  |TAMS 0x0000000081b00000, 0x0000000081b00000| Complete 
|  28|0x0000000081c00000, 0x0000000081d00000, 0x0000000081d00000|100%|HC|  |TAMS 0x0000000081c00000, 0x0000000081c00000| Complete 
|  29|0x0000000081d00000, 0x0000000081d00000, 0x0000000081e00000|  0%| F|  |TAMS 0x0000000081d00000, 0x0000000081d00000| Untracked 
|  30|0x0000000081e00000, 0x0000000081e00000, 0x0000000081f00000|  0%| F|  |TAMS 0x0000000081e00000, 0x0000000081e00000| Untracked 
|  31|0x0000000081f00000, 0x0000000081f00000, 0x0000000082000000|  0%| F|  |TAMS 0x0000000081f00000, 0x0000000081f00000| Untracked 
|  32|0x0000000082000000, 0x0000000082000000, 0x0000000082100000|  0%| F|  |TAMS 0x0000000082000000, 0x0000000082000000| Untracked 
|  33|0x0000000082100000, 0x0000000082100000, 0x0000000082200000|  0%| F|  |TAMS 0x0000000082100000, 0x0000000082100000| Untracked 
|  34|0x0000000082200000, 0x0000000082200000, 0x0000000082300000|  0%| F|  |TAMS 0x0000000082200000, 0x0000000082200000| Untracked 
|  35|0x0000000082300000, 0x0000000082300000, 0x0000000082400000|  0%| F|  |TAMS 0x0000000082300000, 0x0000000082300000| Untracked 
|  36|0x0000000082400000, 0x0000000082400000, 0x0000000082500000|  0%| F|  |TAMS 0x0000000082400000, 0x0000000082400000| Untracked 
|  37|0x0000000082500000, 0x0000000082500000, 0x0000000082600000|  0%| F|  |TAMS 0x0000000082500000, 0x0000000082500000| Untracked 
|  38|0x0000000082600000, 0x0000000082600000, 0x0000000082700000|  0%| F|  |TAMS 0x0000000082600000, 0x0000000082600000| Untracked 
|  39|0x0000000082700000, 0x0000000082700000, 0x0000000082800000|  0%| F|  |TAMS 0x0000000082700000, 0x0000000082700000| Untracked 
|  40|0x0000000082800000, 0x0000000082800000, 0x0000000082900000|  0%| F|  |TAMS 0x0000000082800000, 0x0000000082800000| Untracked 
|  41|0x0000000082900000, 0x0000000082900000, 0x0000000082a00000|  0%| F|  |TAMS 0x0000000082900000, 0x0000000082900000| Untracked 
|  42|0x0000000082a00000, 0x0000000082a00000, 0x0000000082b00000|  0%| F|  |TAMS 0x0000000082a00000, 0x0000000082a00000| Untracked 
|  43|0x0000000082b00000, 0x0000000082b00000, 0x0000000082c00000|  0%| F|  |TAMS 0x0000000082b00000, 0x0000000082b00000| Untracked 
|  44|0x0000000082c00000, 0x0000000082c00000, 0x0000000082d00000|  0%| F|  |TAMS 0x0000000082c00000, 0x0000000082c00000| Untracked 
|  45|0x0000000082d00000, 0x0000000082d49af0, 0x0000000082e00000| 28%| S|CS|TAMS 0x0000000082d00000, 0x0000000082d00000| Complete 
|  46|0x0000000082e00000, 0x0000000082f00000, 0x0000000082f00000|100%| S|CS|TAMS 0x0000000082e00000, 0x0000000082e00000| Complete 
|  47|0x0000000082f00000, 0x0000000082f00000, 0x0000000083000000|  0%| F|  |TAMS 0x0000000082f00000, 0x0000000082f00000| Untracked 
|  48|0x0000000083000000, 0x0000000083000000, 0x0000000083100000|  0%| F|  |TAMS 0x0000000083000000, 0x0000000083000000| Untracked 
|  49|0x0000000083100000, 0x0000000083100000, 0x0000000083200000|  0%| F|  |TAMS 0x0000000083100000, 0x0000000083100000| Untracked 
|  50|0x0000000083200000, 0x0000000083200000, 0x0000000083300000|  0%| F|  |TAMS 0x0000000083200000, 0x0000000083200000| Untracked 
|  51|0x0000000083300000, 0x0000000083300000, 0x0000000083400000|  0%| F|  |TAMS 0x0000000083300000, 0x0000000083300000| Untracked 
|  52|0x0000000083400000, 0x0000000083400000, 0x0000000083500000|  0%| F|  |TAMS 0x0000000083400000, 0x0000000083400000| Untracked 
|  53|0x0000000083500000, 0x0000000083500000, 0x0000000083600000|  0%| F|  |TAMS 0x0000000083500000, 0x0000000083500000| Untracked 
|  54|0x0000000083600000, 0x0000000083600000, 0x0000000083700000|  0%| F|  |TAMS 0x0000000083600000, 0x0000000083600000| Untracked 
|  55|0x0000000083700000, 0x0000000083700000, 0x0000000083800000|  0%| F|  |TAMS 0x0000000083700000, 0x0000000083700000| Untracked 
|  56|0x0000000083800000, 0x0000000083800000, 0x0000000083900000|  0%| F|  |TAMS 0x0000000083800000, 0x0000000083800000| Untracked 
|  57|0x0000000083900000, 0x0000000083900000, 0x0000000083a00000|  0%| F|  |TAMS 0x0000000083900000, 0x0000000083900000| Untracked 
|  58|0x0000000083a00000, 0x0000000083a00000, 0x0000000083b00000|  0%| F|  |TAMS 0x0000000083a00000, 0x0000000083a00000| Untracked 
|  59|0x0000000083b00000, 0x0000000083b00000, 0x0000000083c00000|  0%| F|  |TAMS 0x0000000083b00000, 0x0000000083b00000| Untracked 
|  60|0x0000000083c00000, 0x0000000083c00000, 0x0000000083d00000|  0%| F|  |TAMS 0x0000000083c00000, 0x0000000083c00000| Untracked 
|  61|0x0000000083d00000, 0x0000000083d00000, 0x0000000083e00000|  0%| F|  |TAMS 0x0000000083d00000, 0x0000000083d00000| Untracked 
|  62|0x0000000083e00000, 0x0000000083e00000, 0x0000000083f00000|  0%| F|  |TAMS 0x0000000083e00000, 0x0000000083e00000| Untracked 
|  63|0x0000000083f00000, 0x0000000083f00000, 0x0000000084000000|  0%| F|  |TAMS 0x0000000083f00000, 0x0000000083f00000| Untracked 
|  64|0x0000000084000000, 0x0000000084000000, 0x0000000084100000|  0%| F|  |TAMS 0x0000000084000000, 0x0000000084000000| Untracked 
|  65|0x0000000084100000, 0x0000000084100000, 0x0000000084200000|  0%| F|  |TAMS 0x0000000084100000, 0x0000000084100000| Untracked 
|  66|0x0000000084200000, 0x0000000084200000, 0x0000000084300000|  0%| F|  |TAMS 0x0000000084200000, 0x0000000084200000| Untracked 
|  67|0x0000000084300000, 0x0000000084400000, 0x0000000084400000|100%| E|  |TAMS 0x0000000084300000, 0x0000000084300000| Complete 
|  68|0x0000000084400000, 0x0000000084500000, 0x0000000084500000|100%| E|CS|TAMS 0x0000000084400000, 0x0000000084400000| Complete 
|  69|0x0000000084500000, 0x0000000084600000, 0x0000000084600000|100%| E|CS|TAMS 0x0000000084500000, 0x0000000084500000| Complete 
|  70|0x0000000084600000, 0x0000000084700000, 0x0000000084700000|100%| E|CS|TAMS 0x0000000084600000, 0x0000000084600000| Complete 
| 106|0x0000000086a00000, 0x0000000086b00000, 0x0000000086b00000|100%| E|CS|TAMS 0x0000000086a00000, 0x0000000086a00000| Complete 
| 107|0x0000000086b00000, 0x0000000086c00000, 0x0000000086c00000|100%| E|CS|TAMS 0x0000000086b00000, 0x0000000086b00000| Complete 
| 108|0x0000000086c00000, 0x0000000086d00000, 0x0000000086d00000|100%| E|CS|TAMS 0x0000000086c00000, 0x0000000086c00000| Complete 
| 109|0x0000000086d00000, 0x0000000086e00000, 0x0000000086e00000|100%| E|CS|TAMS 0x0000000086d00000, 0x0000000086d00000| Complete 
| 110|0x0000000086e00000, 0x0000000086f00000, 0x0000000086f00000|100%| E|CS|TAMS 0x0000000086e00000, 0x0000000086e00000| Complete 
| 111|0x0000000086f00000, 0x0000000087000000, 0x0000000087000000|100%| E|CS|TAMS 0x0000000086f00000, 0x0000000086f00000| Complete 
| 112|0x0000000087000000, 0x0000000087100000, 0x0000000087100000|100%| E|CS|TAMS 0x0000000087000000, 0x0000000087000000| Complete 
| 113|0x0000000087100000, 0x0000000087200000, 0x0000000087200000|100%| E|CS|TAMS 0x0000000087100000, 0x0000000087100000| Complete 
| 159|0x0000000089f00000, 0x000000008a000000, 0x000000008a000000|100%| E|CS|TAMS 0x0000000089f00000, 0x0000000089f00000| Complete 

Card table byte_map: [0x00000266f2200000,0x00000266f2600000] _byte_map_base: 0x00000266f1e00000

Marking Bits (Prev, Next): (CMBitMap*) 0x00000266df996a50, (CMBitMap*) 0x00000266df996a90
 Prev Bits: [0x00000266f2a00000, 0x00000266f4a00000)
 Next Bits: [0x00000266f4a00000, 0x00000266f6a00000)

Polling page: 0x00000266dd8b0000

Metaspace:

Usage:
  Non-class:     34.69 MB used.
      Class:      5.21 MB used.
       Both:     39.91 MB used.

Virtual space:
  Non-class space:       64.00 MB reserved,      34.88 MB ( 54%) committed,  1 nodes.
      Class space:        1.00 GB reserved,       5.38 MB ( <1%) committed,  1 nodes.
             Both:        1.06 GB reserved,      40.25 MB (  4%) committed. 

Chunk freelists:
   Non-Class:  12.72 MB
       Class:  10.67 MB
        Both:  23.39 MB

MaxMetaspaceSize: unlimited
CompressedClassSpaceSize: 1.00 GB
Initial GC threshold: 21.00 MB
Current GC threshold: 59.38 MB
CDS: off
MetaspaceReclaimPolicy: balanced
 - commit_granule_bytes: 65536.
 - commit_granule_words: 8192.
 - virtual_space_node_default_size: 8388608.
 - enlarge_chunks_in_place: 1.
 - new_chunks_are_fully_committed: 0.
 - uncommit_free_chunks: 1.
 - use_allocation_guard: 0.
 - handle_deallocations: 1.


Internal statistics:

num_allocs_failed_limit: 9.
num_arena_births: 262.
num_arena_deaths: 0.
num_vsnodes_births: 2.
num_vsnodes_deaths: 0.
num_space_committed: 644.
num_space_uncommitted: 0.
num_chunks_returned_to_freelist: 9.
num_chunks_taken_from_freelist: 1351.
num_chunk_merges: 3.
num_chunk_splits: 920.
num_chunks_enlarged: 677.
num_inconsistent_stats: 0.

CodeHeap 'non-profiled nmethods': size=120000Kb used=2065Kb max_used=2065Kb free=117934Kb
 bounds [0x00000266ea8d0000, 0x00000266eab40000, 0x00000266f1e00000]
CodeHeap 'profiled nmethods': size=120000Kb used=7531Kb max_used=7531Kb free=112469Kb
 bounds [0x00000266e2e00000, 0x00000266e3560000, 0x00000266ea330000]
CodeHeap 'non-nmethods': size=5760Kb used=2277Kb max_used=2319Kb free=3482Kb
 bounds [0x00000266ea330000, 0x00000266ea5a0000, 0x00000266ea8d0000]
 total_blobs=4417 nmethods=3633 adapters=696
 compilation: enabled
              stopped_count=0, restarted_count=0
 full_count=0

Compilation events (20 events):
Event: 9.231 Thread 0x00000266f90c3bb0 nmethod 3630 0x00000266e3553910 code [0x00000266e3553aa0, 0x00000266e3553c18]
Event: 9.234 Thread 0x00000266f90c3bb0 3631       3       jdk.internal.reflect.ByteVectorImpl::get (26 bytes)
Event: 9.235 Thread 0x00000266f90c3bb0 nmethod 3631 0x00000266e3553c90 code [0x00000266e3553e40, 0x00000266e3554008]
Event: 9.236 Thread 0x00000266f90c3bb0 3632       3       org.objectweb.asm.ClassWriter::visitField (53 bytes)
Event: 9.236 Thread 0x00000266f90c3bb0 nmethod 3632 0x00000266e3554110 code [0x00000266e35542c0, 0x00000266e3554628]
Event: 9.236 Thread 0x00000266f90c3bb0 3633       3       org.objectweb.asm.FieldWriter::<init> (69 bytes)
Event: 9.237 Thread 0x00000266f90c3bb0 nmethod 3633 0x00000266e3554790 code [0x00000266e3554980, 0x00000266e3554d48]
Event: 9.237 Thread 0x00000266f90c3bb0 3634       3       org.objectweb.asm.FieldVisitor::<init> (7 bytes)
Event: 9.237 Thread 0x00000266f90c3bb0 nmethod 3634 0x00000266e3554f90 code [0x00000266e3555140, 0x00000266e3555288]
Event: 9.237 Thread 0x00000266f90c3bb0 3635       3       org.objectweb.asm.MethodWriter::visitLdcInsn (215 bytes)
Event: 9.238 Thread 0x00000266f90c3bb0 nmethod 3635 0x00000266e3555310 code [0x00000266e3555580, 0x00000266e35560a8]
Event: 9.240 Thread 0x00000266f90c3bb0 3636       3       sun.reflect.generics.scope.AbstractScope::<init> (10 bytes)
Event: 9.240 Thread 0x00000266f90c3bb0 nmethod 3636 0x00000266e3556510 code [0x00000266e35566a0, 0x00000266e3556858]
Event: 9.241 Thread 0x00000266f90c3bb0 3637       1       java.lang.reflect.Constructor::getSignature (5 bytes)
Event: 9.241 Thread 0x00000266f90c3bb0 nmethod 3637 0x00000266eaad2390 code [0x00000266eaad2520, 0x00000266eaad25f8]
Event: 9.241 Thread 0x00000266f90c3bb0 3638       3       org.objectweb.asm.FieldWriter::computeFieldInfoSize (86 bytes)
Event: 9.241 Thread 0x00000266f90c3bb0 nmethod 3638 0x00000266e3556910 code [0x00000266e3556ae0, 0x00000266e3556db8]
Event: 9.241 Thread 0x00000266f90c3bb0 3639       3       org.objectweb.asm.FieldWriter::putFieldInfo (269 bytes)
Event: 9.242 Thread 0x00000266fff70440 3640       4       org.objectweb.asm.SymbolTable::addConstantUtf8 (98 bytes)
Event: 9.242 Thread 0x00000266f90c3bb0 nmethod 3639 0x00000266e3556f10 code [0x00000266e35571a0, 0x00000266e3557b28]

GC Heap History (20 events):
Event: 0.740 GC heap before
{Heap before GC invocations=0 (full 0):
 garbage-first heap   total 163840K, used 16384K [0x0000000080000000, 0x0000000100000000)
  region size 1024K, 13 young (13312K), 0 survivors (0K)
 Metaspace       used 7121K, committed 7296K, reserved 1114112K
  class space    used 612K, committed 704K, reserved 1048576K
}
Event: 0.752 GC heap after
{Heap after GC invocations=1 (full 0):
 garbage-first heap   total 163840K, used 3688K [0x0000000080000000, 0x0000000100000000)
  region size 1024K, 2 young (2048K), 2 survivors (2048K)
 Metaspace       used 7121K, committed 7296K, reserved 1114112K
  class space    used 612K, committed 704K, reserved 1048576K
}
Event: 1.522 GC heap before
{Heap before GC invocations=1 (full 0):
 garbage-first heap   total 163840K, used 22120K [0x0000000080000000, 0x0000000100000000)
  region size 1024K, 17 young (17408K), 2 survivors (2048K)
 Metaspace       used 11102K, committed 11264K, reserved 1114112K
  class space    used 1164K, committed 1280K, reserved 1048576K
}
Event: 1.527 GC heap after
{Heap after GC invocations=2 (full 0):
 garbage-first heap   total 163840K, used 9249K [0x0000000080000000, 0x0000000100000000)
  region size 1024K, 3 young (3072K), 3 survivors (3072K)
 Metaspace       used 11102K, committed 11264K, reserved 1114112K
  class space    used 1164K, committed 1280K, reserved 1048576K
}
Event: 2.081 GC heap before
{Heap before GC invocations=2 (full 0):
 garbage-first heap   total 163840K, used 31777K [0x0000000080000000, 0x0000000100000000)
  region size 1024K, 25 young (25600K), 3 survivors (3072K)
 Metaspace       used 11227K, committed 11392K, reserved 1114112K
  class space    used 1166K, committed 1280K, reserved 1048576K
}
Event: 2.087 GC heap after
{Heap after GC invocations=3 (full 0):
 garbage-first heap   total 163840K, used 13168K [0x0000000080000000, 0x0000000100000000)
  region size 1024K, 4 young (4096K), 4 survivors (4096K)
 Metaspace       used 11227K, committed 11392K, reserved 1114112K
  class space    used 1166K, committed 1280K, reserved 1048576K
}
Event: 4.309 GC heap before
{Heap before GC invocations=3 (full 0):
 garbage-first heap   total 163840K, used 55152K [0x0000000080000000, 0x0000000100000000)
  region size 1024K, 46 young (47104K), 4 survivors (4096K)
 Metaspace       used 21353K, committed 21504K, reserved 1114112K
  class space    used 2663K, committed 2752K, reserved 1048576K
}
Event: 4.318 GC heap after
{Heap after GC invocations=4 (full 0):
 garbage-first heap   total 163840K, used 17349K [0x0000000080000000, 0x0000000100000000)
  region size 1024K, 8 young (8192K), 8 survivors (8192K)
 Metaspace       used 21353K, committed 21504K, reserved 1114112K
  class space    used 2663K, committed 2752K, reserved 1048576K
}
Event: 5.476 GC heap before
{Heap before GC invocations=5 (full 0):
 garbage-first heap   total 61440K, used 48069K [0x0000000080000000, 0x0000000100000000)
  region size 1024K, 39 young (39936K), 8 survivors (8192K)
 Metaspace       used 26684K, committed 26944K, reserved 1114112K
  class space    used 3529K, committed 3648K, reserved 1048576K
}
Event: 5.488 GC heap after
{Heap after GC invocations=6 (full 0):
 garbage-first heap   total 61440K, used 19654K [0x0000000080000000, 0x0000000100000000)
  region size 1024K, 7 young (7168K), 7 survivors (7168K)
 Metaspace       used 26684K, committed 26944K, reserved 1114112K
  class space    used 3529K, committed 3648K, reserved 1048576K
}
Event: 6.438 GC heap before
{Heap before GC invocations=6 (full 0):
 garbage-first heap   total 61440K, used 42182K [0x0000000080000000, 0x0000000100000000)
  region size 1024K, 30 young (30720K), 7 survivors (7168K)
 Metaspace       used 30194K, committed 30464K, reserved 1114112K
  class space    used 4081K, committed 4224K, reserved 1048576K
}
Event: 6.445 GC heap after
{Heap after GC invocations=7 (full 0):
 garbage-first heap   total 61440K, used 20897K [0x0000000080000000, 0x0000000100000000)
  region size 1024K, 4 young (4096K), 4 survivors (4096K)
 Metaspace       used 30194K, committed 30464K, reserved 1114112K
  class space    used 4081K, committed 4224K, reserved 1048576K
}
Event: 7.554 GC heap before
{Heap before GC invocations=7 (full 0):
 garbage-first heap   total 61440K, used 43425K [0x0000000080000000, 0x0000000100000000)
  region size 1024K, 27 young (27648K), 4 survivors (4096K)
 Metaspace       used 35723K, committed 35968K, reserved 1114112K
  class space    used 4726K, committed 4864K, reserved 1048576K
}
Event: 7.560 GC heap after
{Heap after GC invocations=8 (full 0):
 garbage-first heap   total 61440K, used 22894K [0x0000000080000000, 0x0000000100000000)
  region size 1024K, 4 young (4096K), 4 survivors (4096K)
 Metaspace       used 35723K, committed 35968K, reserved 1114112K
  class space    used 4726K, committed 4864K, reserved 1048576K
}
Event: 8.217 GC heap before
{Heap before GC invocations=9 (full 0):
 garbage-first heap   total 61440K, used 45422K [0x0000000080000000, 0x0000000100000000)
  region size 1024K, 27 young (27648K), 4 survivors (4096K)
 Metaspace       used 38196K, committed 38592K, reserved 1114112K
  class space    used 5014K, committed 5184K, reserved 1048576K
}
Event: 8.225 GC heap after
{Heap after GC invocations=10 (full 0):
 garbage-first heap   total 61440K, used 26551K [0x0000000080000000, 0x0000000100000000)
  region size 1024K, 4 young (4096K), 4 survivors (4096K)
 Metaspace       used 38196K, committed 38592K, reserved 1114112K
  class space    used 5014K, committed 5184K, reserved 1048576K
}
Event: 8.250 GC heap before
{Heap before GC invocations=10 (full 0):
 garbage-first heap   total 61440K, used 27575K [0x0000000080000000, 0x0000000100000000)
  region size 1024K, 5 young (5120K), 4 survivors (4096K)
 Metaspace       used 38210K, committed 38592K, reserved 1114112K
  class space    used 5014K, committed 5184K, reserved 1048576K
}
Event: 8.253 GC heap after
{Heap after GC invocations=11 (full 0):
 garbage-first heap   total 61440K, used 26326K [0x0000000080000000, 0x0000000100000000)
  region size 1024K, 1 young (1024K), 1 survivors (1024K)
 Metaspace       used 38210K, committed 38592K, reserved 1114112K
  class space    used 5014K, committed 5184K, reserved 1048576K
}
Event: 8.875 GC heap before
{Heap before GC invocations=11 (full 0):
 garbage-first heap   total 61440K, used 37590K [0x0000000080000000, 0x0000000100000000)
  region size 1024K, 13 young (13312K), 1 survivors (1024K)
 Metaspace       used 39539K, committed 39872K, reserved 1114112K
  class space    used 5211K, committed 5376K, reserved 1048576K
}
Event: 8.878 GC heap after
{Heap after GC invocations=12 (full 0):
 garbage-first heap   total 81920K, used 28085K [0x0000000080000000, 0x0000000100000000)
  region size 1024K, 2 young (2048K), 2 survivors (2048K)
 Metaspace       used 39539K, committed 39872K, reserved 1114112K
  class space    used 5211K, committed 5376K, reserved 1048576K
}

Dll operation events (2 events):
Event: 0.013 Loaded shared library C:\Program Files\Android\Android Studio1\jbr\bin\java.dll
Event: 0.686 Loaded shared library C:\Program Files\Android\Android Studio1\jbr\bin\verify.dll

Deoptimization events (20 events):
Event: 8.840 Thread 0x00000266ff0c9830 Uncommon trap: trap_request=0xffffffde fr.pc=0x00000266eaa92dac relative=0x000000000000044c
Event: 8.840 Thread 0x00000266ff0c9830 Uncommon trap: reason=class_check action=maybe_recompile pc=0x00000266eaa92dac method=java.util.regex.Pattern$Start.match(Ljava/util/regex/Matcher;ILjava/lang/CharSequence;)Z @ 44 c2
Event: 8.840 Thread 0x00000266ff0c9830 DEOPT PACKING pc=0x00000266eaa92dac sp=0x000000fb98ef9360
Event: 8.840 Thread 0x00000266ff0c9830 DEOPT UNPACKING pc=0x00000266ea3869a3 sp=0x000000fb98ef9228 mode 2
Event: 8.840 Thread 0x00000266ff0c9830 Uncommon trap: trap_request=0xffffffde fr.pc=0x00000266eaa92dac relative=0x000000000000044c
Event: 8.840 Thread 0x00000266ff0c9830 Uncommon trap: reason=class_check action=maybe_recompile pc=0x00000266eaa92dac method=java.util.regex.Pattern$Start.match(Ljava/util/regex/Matcher;ILjava/lang/CharSequence;)Z @ 44 c2
Event: 8.841 Thread 0x00000266ff0c9830 DEOPT PACKING pc=0x00000266eaa92dac sp=0x000000fb98ef9360
Event: 8.841 Thread 0x00000266ff0c9830 DEOPT UNPACKING pc=0x00000266ea3869a3 sp=0x000000fb98ef9228 mode 2
Event: 8.844 Thread 0x00000266ff0c9830 Uncommon trap: trap_request=0xffffffde fr.pc=0x00000266eaa8438c relative=0x000000000000042c
Event: 8.844 Thread 0x00000266ff0c9830 Uncommon trap: reason=class_check action=maybe_recompile pc=0x00000266eaa8438c method=java.util.regex.Pattern$Start.match(Ljava/util/regex/Matcher;ILjava/lang/CharSequence;)Z @ 44 c2
Event: 8.844 Thread 0x00000266ff0c9830 DEOPT PACKING pc=0x00000266eaa8438c sp=0x000000fb98ef92e0
Event: 8.844 Thread 0x00000266ff0c9830 DEOPT UNPACKING pc=0x00000266ea3869a3 sp=0x000000fb98ef9220 mode 2
Event: 8.844 Thread 0x00000266ff0c9830 Uncommon trap: trap_request=0xffffffde fr.pc=0x00000266eaa84f24 relative=0x00000000000002e4
Event: 8.844 Thread 0x00000266ff0c9830 Uncommon trap: reason=class_check action=maybe_recompile pc=0x00000266eaa84f24 method=java.util.regex.Pattern$Start.match(Ljava/util/regex/Matcher;ILjava/lang/CharSequence;)Z @ 44 c2
Event: 8.844 Thread 0x00000266ff0c9830 DEOPT PACKING pc=0x00000266eaa84f24 sp=0x000000fb98ef9260
Event: 8.844 Thread 0x00000266ff0c9830 DEOPT UNPACKING pc=0x00000266ea3869a3 sp=0x000000fb98ef9220 mode 2
Event: 9.108 Thread 0x00000266ff0c9830 Uncommon trap: trap_request=0xffffff45 fr.pc=0x00000266eaa4b9f8 relative=0x0000000000001578
Event: 9.108 Thread 0x00000266ff0c9830 Uncommon trap: reason=unstable_if action=reinterpret pc=0x00000266eaa4b9f8 method=java.util.WeakHashMap.matchesKey(Ljava/util/WeakHashMap$Entry;Ljava/lang/Object;)Z @ 5 c2
Event: 9.108 Thread 0x00000266ff0c9830 DEOPT PACKING pc=0x00000266eaa4b9f8 sp=0x000000fb98ef51d0
Event: 9.108 Thread 0x00000266ff0c9830 DEOPT UNPACKING pc=0x00000266ea3869a3 sp=0x000000fb98ef5158 mode 2

Classes unloaded (0 events):
No events

Classes redefined (0 events):
No events

Internal exceptions (20 events):
Event: 9.040 Thread 0x00000266ff0c9830 Exception <a 'java/lang/ClassNotFoundException'{0x00000000870c8f20}: org/gradle/internal/metaobject/ConfigureDelegateCustomizer> (0x00000000870c8f20) 
thrown [s\src\hotspot\share\classfile\systemDictionary.cpp, line 256]
Event: 9.050 Thread 0x00000266ff0c9830 Exception <a 'java/lang/ClassNotFoundException'{0x0000000086f172d8}: org/gradle/plugin/management/internal/DefaultPluginManagementSpec_DecoratedBeanInfo> (0x0000000086f172d8) 
thrown [s\src\hotspot\share\classfile\systemDictionary.cpp, line 256]
Event: 9.053 Thread 0x00000266ff0c9830 Exception <a 'java/lang/ClassNotFoundException'{0x0000000086f2aca0}: org/gradle/plugin/management/internal/DefaultPluginManagementSpecBeanInfo> (0x0000000086f2aca0) 
thrown [s\src\hotspot\share\classfile\systemDictionary.cpp, line 256]
Event: 9.054 Thread 0x00000266ff0c9830 Exception <a 'java/lang/ClassNotFoundException'{0x0000000086f3df20}: org/gradle/plugin/management/internal/DefaultPluginManagementSpecCustomizer> (0x0000000086f3df20) 
thrown [s\src\hotspot\share\classfile\systemDictionary.cpp, line 256]
Event: 9.057 Thread 0x00000266ff0c9830 Exception <a 'java/lang/ClassNotFoundException'{0x0000000086f60768}: org/gradle/plugin/management/internal/DefaultPluginManagementSpec_DecoratedCustomizer> (0x0000000086f60768) 
thrown [s\src\hotspot\share\classfile\systemDictionary.cpp, line 256]
Event: 9.085 Thread 0x00000266ff0c9830 Exception <a 'java/lang/ClassNotFoundException'{0x0000000086bc0e40}: org/gradle/api/internal/artifacts/dsl/DefaultRepositoryHandler_DecoratedBeanInfo> (0x0000000086bc0e40) 
thrown [s\src\hotspot\share\classfile\systemDictionary.cpp, line 256]
Event: 9.087 Thread 0x00000266ff0c9830 Exception <a 'java/lang/ClassNotFoundException'{0x0000000086bd71f0}: org/gradle/api/internal/artifacts/dsl/DefaultRepositoryHandlerBeanInfo> (0x0000000086bd71f0) 
thrown [s\src\hotspot\share\classfile\systemDictionary.cpp, line 256]
Event: 9.088 Thread 0x00000266ff0c9830 Exception <a 'java/lang/ClassNotFoundException'{0x0000000086bed710}: org/gradle/api/internal/artifacts/DefaultArtifactRepositoryContainerBeanInfo> (0x0000000086bed710) 
thrown [s\src\hotspot\share\classfile\systemDictionary.cpp, line 256]
Event: 9.090 Thread 0x00000266ff0c9830 Exception <a 'java/lang/ClassNotFoundException'{0x0000000086a01700}: org/gradle/api/internal/DefaultNamedDomainObjectListBeanInfo> (0x0000000086a01700) 
thrown [s\src\hotspot\share\classfile\systemDictionary.cpp, line 256]
Event: 9.091 Thread 0x00000266ff0c9830 Exception <a 'java/lang/ClassNotFoundException'{0x0000000086a151f0}: org/gradle/api/internal/DefaultNamedDomainObjectCollectionBeanInfo> (0x0000000086a151f0) 
thrown [s\src\hotspot\share\classfile\systemDictionary.cpp, line 256]
Event: 9.092 Thread 0x00000266ff0c9830 Exception <a 'java/lang/ClassNotFoundException'{0x0000000086a28be8}: org/gradle/api/internal/DefaultDomainObjectCollectionBeanInfo> (0x0000000086a28be8) 
thrown [s\src\hotspot\share\classfile\systemDictionary.cpp, line 256]
Event: 9.093 Thread 0x00000266ff0c9830 Exception <a 'java/lang/ClassNotFoundException'{0x0000000086a2f1f0}: java/util/AbstractCollectionBeanInfo> (0x0000000086a2f1f0) 
thrown [s\src\hotspot\share\classfile\systemDictionary.cpp, line 256]
Event: 9.094 Thread 0x00000266ff0c9830 Exception <a 'java/lang/ClassNotFoundException'{0x0000000086a357a0}: java/util/AbstractCollectionCustomizer> (0x0000000086a357a0) 
thrown [s\src\hotspot\share\classfile\systemDictionary.cpp, line 256]
Event: 9.096 Thread 0x00000266ff0c9830 Exception <a 'java/lang/ClassNotFoundException'{0x0000000086a526a0}: org/gradle/api/internal/DefaultDomainObjectCollectionCustomizer> (0x0000000086a526a0) 
thrown [s\src\hotspot\share\classfile\systemDictionary.cpp, line 256]
Event: 9.101 Thread 0x00000266ff0c9830 Exception <a 'java/lang/ClassNotFoundException'{0x0000000086a86c78}: org/gradle/api/internal/DefaultNamedDomainObjectCollectionCustomizer> (0x0000000086a86c78) 
thrown [s\src\hotspot\share\classfile\systemDictionary.cpp, line 256]
Event: 9.108 Thread 0x00000266ff0c9830 Exception <a 'java/lang/ClassNotFoundException'{0x0000000086ac6bc8}: org/gradle/api/internal/DefaultNamedDomainObjectListCustomizer> (0x0000000086ac6bc8) 
thrown [s\src\hotspot\share\classfile\systemDictionary.cpp, line 256]
Event: 9.112 Thread 0x00000266ff0c9830 Exception <a 'java/lang/ClassNotFoundException'{0x0000000086af8110}: org/gradle/api/internal/artifacts/DefaultArtifactRepositoryContainerCustomizer> (0x0000000086af8110) 
thrown [s\src\hotspot\share\classfile\systemDictionary.cpp, line 256]
Event: 9.117 Thread 0x00000266ff0c9830 Exception <a 'java/lang/ClassNotFoundException'{0x00000000846215e8}: org/gradle/api/internal/artifacts/dsl/DefaultRepositoryHandlerCustomizer> (0x00000000846215e8) 
thrown [s\src\hotspot\share\classfile\systemDictionary.cpp, line 256]
Event: 9.123 Thread 0x00000266ff0c9830 Exception <a 'java/lang/ClassNotFoundException'{0x0000000084657428}: org/gradle/api/internal/artifacts/dsl/DefaultRepositoryHandler_DecoratedCustomizer> (0x0000000084657428) 
thrown [s\src\hotspot\share\classfile\systemDictionary.cpp, line 256]
Event: 9.249 Thread 0x00000266ff0c9830 Exception <a 'java/lang/NoSuchMethodError'{0x00000000843438b8}: 'void java.lang.invoke.DirectMethodHandle$Holder.invokeInterface(java.lang.Object, java.lang.Object)'> (0x00000000843438b8) 
thrown [s\src\hotspot\share\interpreter\linkResolver.cpp, line 771]

VM Operations (20 events):
Event: 7.593 Executing VM operation: G1PauseCleanup
Event: 7.593 Executing VM operation: G1PauseCleanup done
Event: 7.649 Executing VM operation: HandshakeAllThreads
Event: 7.649 Executing VM operation: HandshakeAllThreads done
Event: 7.870 Executing VM operation: HandshakeAllThreads
Event: 7.870 Executing VM operation: HandshakeAllThreads done
Event: 7.871 Executing VM operation: HandshakeAllThreads
Event: 7.871 Executing VM operation: HandshakeAllThreads done
Event: 7.887 Executing VM operation: HandshakeAllThreads
Event: 7.887 Executing VM operation: HandshakeAllThreads done
Event: 8.068 Executing VM operation: HandshakeAllThreads
Event: 8.069 Executing VM operation: HandshakeAllThreads done
Event: 8.217 Executing VM operation: G1CollectForAllocation
Event: 8.225 Executing VM operation: G1CollectForAllocation done
Event: 8.250 Executing VM operation: G1CollectForAllocation
Event: 8.253 Executing VM operation: G1CollectForAllocation done
Event: 8.510 Executing VM operation: HandshakeAllThreads
Event: 8.510 Executing VM operation: HandshakeAllThreads done
Event: 8.875 Executing VM operation: G1TryInitiateConcMark
Event: 8.878 Executing VM operation: G1TryInitiateConcMark done

Events (20 events):
Event: 8.848 loading class com/sun/beans/finder/MethodFinder
Event: 8.855 loading class com/sun/beans/finder/AbstractFinder
Event: 8.855 loading class com/sun/beans/finder/AbstractFinder done
Event: 8.855 loading class com/sun/beans/finder/MethodFinder done
Event: 8.855 loading class com/sun/beans/finder/MethodFinder$1
Event: 8.855 loading class com/sun/beans/finder/MethodFinder$1 done
Event: 8.856 loading class com/sun/beans/finder/FinderUtils
Event: 8.856 loading class com/sun/beans/finder/FinderUtils done
Event: 9.092 loading class java/util/AbstractCollectionBeanInfo
Event: 9.092 loading class java/util/AbstractCollectionBeanInfo done
Event: 9.093 loading class java/util/AbstractCollectionBeanInfo
Event: 9.093 loading class java/util/AbstractCollectionBeanInfo done
Event: 9.093 loading class java/util/AbstractCollectionCustomizer
Event: 9.093 loading class java/util/AbstractCollectionCustomizer done
Event: 9.094 loading class java/util/AbstractCollectionCustomizer
Event: 9.094 loading class java/util/AbstractCollectionCustomizer done
Event: 9.094 loading class sun/reflect/generics/tree/BooleanSignature
Event: 9.094 loading class sun/reflect/generics/tree/BooleanSignature done
Event: 9.094 loading class sun/reflect/generics/reflectiveObjects/GenericArrayTypeImpl
Event: 9.095 loading class sun/reflect/generics/reflectiveObjects/GenericArrayTypeImpl done


Dynamic libraries:
0x00007ff67d310000 - 0x00007ff67d31a000 	C:\Program Files\Android\Android Studio1\jbr\bin\java.exe
0x00007ffd13650000 - 0x00007ffd13866000 	C:\WINDOWS\SYSTEM32\ntdll.dll
0x00007ffd113d0000 - 0x00007ffd11494000 	C:\WINDOWS\System32\KERNEL32.DLL
0x00007ffd10de0000 - 0x00007ffd11187000 	C:\WINDOWS\System32\KERNELBASE.dll
0x00007ffd0de20000 - 0x00007ffd0deb7000 	C:\WINDOWS\SYSTEM32\apphelp.dll
0x00007ffd11260000 - 0x00007ffd11371000 	C:\WINDOWS\System32\ucrtbase.dll
0x00007ffcf8ba0000 - 0x00007ffcf8bb7000 	C:\Program Files\Android\Android Studio1\jbr\bin\jli.dll
0x00007ffd13160000 - 0x00007ffd1330e000 	C:\WINDOWS\System32\USER32.dll
0x00007ffd10db0000 - 0x00007ffd10dd6000 	C:\WINDOWS\System32\win32u.dll
0x00007ffd13360000 - 0x00007ffd13389000 	C:\WINDOWS\System32\GDI32.dll
0x00007ffd10bd0000 - 0x00007ffd10ce9000 	C:\WINDOWS\System32\gdi32full.dll
0x00007ffd111c0000 - 0x00007ffd1125a000 	C:\WINDOWS\System32\msvcp_win.dll
0x00007ffcf97b0000 - 0x00007ffcf97cb000 	C:\Program Files\Android\Android Studio1\jbr\bin\VCRUNTIME140.dll
0x00007ffcf9d50000 - 0x00007ffcf9fe3000 	C:\WINDOWS\WinSxS\amd64_microsoft.windows.common-controls_6595b64144ccf1df_6.0.22621.3235_none_270f74e173860f98\COMCTL32.dll
0x00007ffd13560000 - 0x00007ffd13607000 	C:\WINDOWS\System32\msvcrt.dll
0x00007ffd13320000 - 0x00007ffd13351000 	C:\WINDOWS\System32\IMM32.DLL
0x00007ffd06480000 - 0x00007ffd0648c000 	C:\Program Files\Android\Android Studio1\jbr\bin\vcruntime140_1.dll
0x00007ffce3c00000 - 0x00007ffce3c8d000 	C:\Program Files\Android\Android Studio1\jbr\bin\msvcp140.dll
0x00007ffc9ebd0000 - 0x00007ffc9f853000 	C:\Program Files\Android\Android Studio1\jbr\bin\server\jvm.dll
0x00007ffd12c50000 - 0x00007ffd12d02000 	C:\WINDOWS\System32\ADVAPI32.dll
0x00007ffd134a0000 - 0x00007ffd13548000 	C:\WINDOWS\System32\sechost.dll
0x00007ffd11190000 - 0x00007ffd111b8000 	C:\WINDOWS\System32\bcrypt.dll
0x00007ffd126f0000 - 0x00007ffd12805000 	C:\WINDOWS\System32\RPCRT4.dll
0x00007ffd10840000 - 0x00007ffd1088d000 	C:\WINDOWS\SYSTEM32\POWRPROF.dll
0x00007ffd0dc60000 - 0x00007ffd0dc69000 	C:\WINDOWS\SYSTEM32\WSOCK32.dll
0x00007ffd13390000 - 0x00007ffd13401000 	C:\WINDOWS\System32\WS2_32.dll
0x00007ffd08750000 - 0x00007ffd08784000 	C:\WINDOWS\SYSTEM32\WINMM.dll
0x00007ffd0a460000 - 0x00007ffd0a46a000 	C:\WINDOWS\SYSTEM32\VERSION.dll
0x00007ffd10820000 - 0x00007ffd10833000 	C:\WINDOWS\SYSTEM32\UMPDC.dll
0x00007ffd0f980000 - 0x00007ffd0f998000 	C:\WINDOWS\SYSTEM32\kernel.appcore.dll
0x00007ffd0bcb0000 - 0x00007ffd0bcba000 	C:\Program Files\Android\Android Studio1\jbr\bin\jimage.dll
0x00007ffcf5080000 - 0x00007ffcf52b3000 	C:\WINDOWS\SYSTEM32\DBGHELP.DLL
0x00007ffd12830000 - 0x00007ffd12bb8000 	C:\WINDOWS\System32\combase.dll
0x00007ffd12440000 - 0x00007ffd12517000 	C:\WINDOWS\System32\OLEAUT32.dll
0x00007ffcf5040000 - 0x00007ffcf5072000 	C:\WINDOWS\SYSTEM32\dbgcore.DLL
0x00007ffd10b50000 - 0x00007ffd10bc9000 	C:\WINDOWS\System32\bcryptPrimitives.dll
0x00007ffcf9770000 - 0x00007ffcf9795000 	C:\Program Files\Android\Android Studio1\jbr\bin\java.dll
0x00007ffd06490000 - 0x00007ffd064a8000 	C:\Program Files\Android\Android Studio1\jbr\bin\zip.dll
0x00007ffd11650000 - 0x00007ffd11eac000 	C:\WINDOWS\System32\SHELL32.dll
0x00007ffd0e8a0000 - 0x00007ffd0f199000 	C:\WINDOWS\SYSTEM32\windows.storage.dll
0x00007ffd0e760000 - 0x00007ffd0e89e000 	C:\WINDOWS\SYSTEM32\wintypes.dll
0x00007ffd12d10000 - 0x00007ffd12e03000 	C:\WINDOWS\System32\SHCORE.dll
0x00007ffd13100000 - 0x00007ffd1315e000 	C:\WINDOWS\System32\shlwapi.dll
0x00007ffd108a0000 - 0x00007ffd108c1000 	C:\WINDOWS\SYSTEM32\profapi.dll
0x00007ffcfa200000 - 0x00007ffcfa219000 	C:\Program Files\Android\Android Studio1\jbr\bin\net.dll
0x00007ffd09100000 - 0x00007ffd09236000 	C:\WINDOWS\SYSTEM32\WINHTTP.dll
0x00007ffd0fdf0000 - 0x00007ffd0fe59000 	C:\WINDOWS\system32\mswsock.dll
0x00007ffcf9000000 - 0x00007ffcf9016000 	C:\Program Files\Android\Android Studio1\jbr\bin\nio.dll
0x00007ffcf8e20000 - 0x00007ffcf8e30000 	C:\Program Files\Android\Android Studio1\jbr\bin\verify.dll
0x00007ffd068c0000 - 0x00007ffd068e7000 	C:\Users\Jesus\.gradle\native\e1d6ef7f7dcc3fd88c89a11ec53ec762bb8ba0a96d01ffa2cd45eb1d1d8dd5c5\windows-amd64\native-platform.dll
0x00007ffccb380000 - 0x00007ffccb4c4000 	C:\Users\Jesus\.gradle\native\0d407fdbe67a94daf76414ababcb853783967236a71b16ec16e742cd7a986fd3\windows-amd64\native-platform-file-events.dll
0x00007ffcf9870000 - 0x00007ffcf9879000 	C:\Program Files\Android\Android Studio1\jbr\bin\management.dll
0x00007ffcf8e30000 - 0x00007ffcf8e3b000 	C:\Program Files\Android\Android Studio1\jbr\bin\management_ext.dll
0x00007ffd13310000 - 0x00007ffd13318000 	C:\WINDOWS\System32\PSAPI.DLL
0x00007ffd10060000 - 0x00007ffd1007b000 	C:\WINDOWS\SYSTEM32\CRYPTSP.dll
0x00007ffd0f8e0000 - 0x00007ffd0f915000 	C:\WINDOWS\system32\rsaenh.dll
0x00007ffd0ff00000 - 0x00007ffd0ff28000 	C:\WINDOWS\SYSTEM32\USERENV.dll
0x00007ffd10080000 - 0x00007ffd1008c000 	C:\WINDOWS\SYSTEM32\CRYPTBASE.dll
0x00007ffd0f400000 - 0x00007ffd0f42d000 	C:\WINDOWS\SYSTEM32\IPHLPAPI.DLL
0x00007ffd13070000 - 0x00007ffd13079000 	C:\WINDOWS\System32\NSI.dll
0x00007ffd0a500000 - 0x00007ffd0a519000 	C:\WINDOWS\SYSTEM32\dhcpcsvc6.DLL
0x00007ffd08f40000 - 0x00007ffd08f5f000 	C:\WINDOWS\SYSTEM32\dhcpcsvc.DLL
0x00007ffd0f470000 - 0x00007ffd0f569000 	C:\WINDOWS\SYSTEM32\DNSAPI.dll
0x00007ffcfa2c0000 - 0x00007ffcfa2c8000 	C:\WINDOWS\system32\wshunix.dll

dbghelp: loaded successfully - version: 4.0.5 - missing functions: none
symbol engine: initialized successfully - sym options: 0x614 - pdb path: .;C:\Program Files\Android\Android Studio1\jbr\bin;C:\WINDOWS\SYSTEM32;C:\WINDOWS\WinSxS\amd64_microsoft.windows.common-controls_6595b64144ccf1df_6.0.22621.3235_none_270f74e173860f98;C:\Program Files\Android\Android Studio1\jbr\bin\server;C:\Users\Jesus\.gradle\native\e1d6ef7f7dcc3fd88c89a11ec53ec762bb8ba0a96d01ffa2cd45eb1d1d8dd5c5\windows-amd64;C:\Users\Jesus\.gradle\native\0d407fdbe67a94daf76414ababcb853783967236a71b16ec16e742cd7a986fd3\windows-amd64

VM Arguments:
jvm_args: --add-opens=java.base/java.util=ALL-UNNAMED --add-opens=java.base/java.lang=ALL-UNNAMED --add-opens=java.base/java.lang.invoke=ALL-UNNAMED --add-opens=java.base/java.util=ALL-UNNAMED --add-opens=java.prefs/java.util.prefs=ALL-UNNAMED --add-opens=java.prefs/java.util.prefs=ALL-UNNAMED --add-opens=java.base/java.nio.charset=ALL-UNNAMED --add-opens=java.base/java.net=ALL-UNNAMED --add-opens=java.base/java.util.concurrent.atomic=ALL-UNNAMED -Xmx2048m -Dfile.encoding=UTF-8 -Duser.country=MX -Duser.language=es -Duser.variant 
java_command: org.gradle.launcher.daemon.bootstrap.GradleDaemon 7.4
java_class_path (initial): C:\Users\Jesus\.gradle\wrapper\dists\gradle-7.4-bin\c0gwcg53nkjbqw7r0h0umtfvt\gradle-7.4\lib\gradle-launcher-7.4.jar
Launcher Type: SUN_STANDARD

[Global flags]
     intx CICompilerCount                          = 3                                         {product} {ergonomic}
     uint ConcGCThreads                            = 1                                         {product} {ergonomic}
     uint G1ConcRefinementThreads                  = 4                                         {product} {ergonomic}
   size_t G1HeapRegionSize                         = 1048576                                   {product} {ergonomic}
    uintx GCDrainStackTargetSize                   = 64                                        {product} {ergonomic}
   size_t InitialHeapSize                          = 167772160                                 {product} {ergonomic}
   size_t MarkStackSize                            = 4194304                                   {product} {ergonomic}
   size_t MaxHeapSize                              = 2147483648                                {product} {command line}
   size_t MaxNewSize                               = 1287651328                                {product} {ergonomic}
   size_t MinHeapDeltaBytes                        = 1048576                                   {product} {ergonomic}
   size_t MinHeapSize                              = 8388608                                   {product} {ergonomic}
    uintx NonNMethodCodeHeapSize                   = 5832780                                {pd product} {ergonomic}
    uintx NonProfiledCodeHeapSize                  = 122912730                              {pd product} {ergonomic}
    uintx ProfiledCodeHeapSize                     = 122912730                              {pd product} {ergonomic}
    uintx ReservedCodeCacheSize                    = 251658240                              {pd product} {ergonomic}
     bool SegmentedCodeCache                       = true                                      {product} {ergonomic}
   size_t SoftMaxHeapSize                          = 2147483648                             {manageable} {ergonomic}
     bool UseCompressedClassPointers               = true                           {product lp64_product} {ergonomic}
     bool UseCompressedOops                        = true                           {product lp64_product} {ergonomic}
     bool UseG1GC                                  = true                                      {product} {ergonomic}
     bool UseLargePagesIndividualAllocation        = false                                  {pd product} {ergonomic}

Logging:
Log output configuration:
 #0: stdout all=warning uptime,level,tags
 #1: stderr all=off uptime,level,tags

Environment Variables:
PATH=C:\Program Files\Common Files\Oracle\Java\javapath;C:\WINDOWS\system32;C:\WINDOWS;C:\WINDOWS\System32\Wbem;C:\WINDOWS\System32\WindowsPowerShell\v1.0\;C:\WINDOWS\System32\OpenSSH\;C:\Program Files\Java\jdk-18.0.2.1;;C:\Program Files\HP\HP One Agent;C:\Users\Jesus\AppData\Local\Programs\Python\Launcher\;C:\Users\Jesus\AppData\Local\Microsoft\WindowsApps;;C:\Program Files\Azure Data Studio\bin
USERNAME=Jesus
OS=Windows_NT
PROCESSOR_IDENTIFIER=AMD64 Family 23 Model 24 Stepping 1, AuthenticAMD
TMP=C:\Users\Jesus\AppData\Local\Temp
TEMP=C:\Users\Jesus\AppData\Local\Temp



Periodic native trim disabled

JNI global refs:
JNI global refs: 24, weak refs: 0

JNI global refs memory usage: 843, weak refs: 841

OOME stack traces (most recent first):
Classloader memory used:
Loader org.gradle.internal.classloader.VisitableURLClassLoader                         : 2342K
Loader bootstrap                                                                       : 2251K
Loader org.gradle.initialization.MixInLegacyTypesClassLoader                           : 417K
Loader jdk.internal.loader.ClassLoaders$PlatformClassLoader                            : 68277B
Loader jdk.internal.loader.ClassLoaders$AppClassLoader                                 : 25117B
Loader jdk.internal.reflect.DelegatingClassLoader                                      : 3102B
Loader org.gradle.groovy.scripts.internal.DefaultScriptCompilationHandler$ScriptClassLoader: 2397B

Classes loaded by more than one classloader:
Class org.gradle.internal.installation.GradleInstallation                             : loaded 2 times (x 73B)
Class org.gradle.internal.classpath.ClassPath                                         : loaded 2 times (x 68B)
Class org.gradle.api.internal.classpath.DefaultModuleRegistry                         : loaded 2 times (x 84B)
Class org.gradle.api.Action                                                           : loaded 2 times (x 68B)
Class org.gradle.api.internal.DefaultClassPathProvider                                : loaded 2 times (x 74B)
Class org.gradle.internal.installation.GradleInstallation$1                           : loaded 2 times (x 73B)
Class org.gradle.internal.classloader.FilteringClassLoader                            : loaded 2 times (x 103B)
Class org.gradle.internal.classloader.ClassLoaderVisitor                              : loaded 2 times (x 74B)
Class org.gradle.internal.service.DefaultServiceLocator                               : loaded 2 times (x 81B)
Class org.gradle.internal.service.UnknownServiceException                             : loaded 2 times (x 81B)
Class org.gradle.internal.classloader.DefaultClassLoaderFactory                       : loaded 2 times (x 80B)
Class org.gradle.internal.classloader.VisitableURLClassLoader$Spec                    : loaded 2 times (x 72B)
Class org.gradle.api.GradleException                                                  : loaded 2 times (x 80B)
Class org.gradle.api.internal.classpath.ModuleRegistry                                : loaded 2 times (x 68B)
Class org.gradle.api.internal.ClassPathProvider                                       : loaded 2 times (x 68B)
Class org.gradle.internal.classloader.ClasspathUtil$1                                 : loaded 2 times (x 74B)
Class org.gradle.internal.classloader.ClassLoaderFactory                              : loaded 2 times (x 68B)
Class org.gradle.api.internal.classpath.ManifestUtil                                  : loaded 2 times (x 69B)
Class org.gradle.api.specs.Spec                                                       : loaded 2 times (x 68B)
Class org.gradle.internal.IoActions                                                   : loaded 2 times (x 69B)
Class org.gradle.api.internal.classpath.EffectiveClassPath                            : loaded 2 times (x 88B)
Class org.gradle.internal.installation.CurrentGradleInstallation                      : loaded 2 times (x 71B)
Class org.gradle.internal.installation.CurrentGradleInstallationLocator               : loaded 2 times (x 69B)
Class org.gradle.api.internal.classpath.Module                                        : loaded 2 times (x 68B)
Class org.gradle.internal.service.CachingServiceLocator                               : loaded 2 times (x 80B)
Class org.gradle.internal.classpath.DefaultClassPath                                  : loaded 2 times (x 88B)
Class org.gradle.api.Transformer                                                      : loaded 2 times (x 68B)
Class org.gradle.internal.classloader.SystemClassLoaderSpec                           : loaded 2 times (x 69B)
Class org.gradle.api.UncheckedIOException                                             : loaded 2 times (x 80B)
Class org.gradle.internal.classloader.ClasspathUtil                                   : loaded 2 times (x 69B)
Class org.gradle.api.internal.DefaultClassPathRegistry                                : loaded 2 times (x 74B)
Class org.gradle.api.internal.classpath.DefaultModuleRegistry$DefaultModule           : loaded 2 times (x 84B)
Class org.gradle.api.internal.classpath.UnknownModuleException                        : loaded 2 times (x 80B)
Class org.gradle.internal.service.ServiceLookupException                              : loaded 2 times (x 80B)
Class org.gradle.cache.GlobalCache                                                    : loaded 2 times (x 68B)
Class [Lorg.gradle.api.internal.ClassPathProvider;                                    : loaded 2 times (x 67B)
Class org.gradle.util.internal.GUtil                                                  : loaded 2 times (x 69B)
Class org.gradle.internal.classloader.ClassLoaderSpec                                 : loaded 2 times (x 69B)
Class org.gradle.internal.classloader.VisitableURLClassLoader                         : loaded 2 times (x 115B)
Class org.gradle.internal.Cast                                                        : loaded 2 times (x 69B)
Class org.gradle.api.internal.ClassPathRegistry                                       : loaded 2 times (x 68B)
Class org.gradle.internal.classloader.ClassLoaderHierarchy                            : loaded 2 times (x 68B)
Class org.gradle.internal.service.ServiceLocator                                      : loaded 2 times (x 68B)
Class org.gradle.internal.classpath.DefaultClassPath$ImmutableUniqueList              : loaded 2 times (x 159B)


---------------  S Y S T E M  ---------------

OS:
 Windows 11 , 64 bit Build 22621 (10.0.22621.3374)
OS uptime: 1 days 6:51 hours
Hyper-V role detected

CPU: total 4 (initial active 4) (4 cores per cpu, 1 threads per core) family 23 model 24 stepping 1 microcode 0x0, cx8, cmov, fxsr, mmx, 3dnowpref, sse, sse2, sse3, ssse3, sse4a, sse4.1, sse4.2, popcnt, lzcnt, tsc, tscinvbit, avx, avx2, aes, clmul, bmi1, bmi2, adx, sha, fma, vzeroupper, clflush, clflushopt, hv
Processor Information for all 4 processors :
  Max Mhz: 2100, Current Mhz: 2100, Mhz Limit: 2100

Memory: 4k page, system-wide physical 10153M (1509M free)
TotalPageFile size 12201M (AvailPageFile size 5M)
current process WorkingSet (physical memory assigned to process): 214M, peak: 215M
current process commit charge ("private bytes"): 253M, peak: 287M

vm_info: OpenJDK 64-Bit Server VM (17.0.9+0--11185874) for windows-amd64 JRE (17.0.9+0--11185874), built on Dec  6 2023 18:57:44 by "androidbuild" with MS VC++ 16.10 / 16.11 (VS2019)

END.
