#
# There is insufficient memory for the Java Runtime Environment to continue.
# Native memory allocation (mmap) failed to map 2621440 bytes for G1 virtual space
# Possible reasons:
#   The system is out of physical RAM or swap space
#   The process is running with CompressedOops enabled, and the Java Heap may be blocking the growth of the native heap
# Possible solutions:
#   Reduce memory load on the system
#   Increase physical memory or swap space
#   Check if swap backing store is full
#   Decrease Java heap size (-Xmx/-Xms)
#   Decrease number of Java threads
#   Decrease Java thread stack sizes (-Xss)
#   Set larger code cache with -XX:ReservedCodeCacheSize=
#   JVM is running with Zero Based Compressed Oops mode in which the Java heap is
#     placed in the first 32GB address space. The Java Heap base address is the
#     maximum limit for the native heap growth. Please use -XX:HeapBaseMinAddress
#     to set the Java Heap base and to place the Java Heap above 32GB virtual address.
# This output file may be truncated or incomplete.
#
#  Out of Memory Error (os_windows.cpp:3825), pid=3864, tid=15980
#
# JRE version:  (17.0.9) (build )
# Java VM: OpenJDK 64-Bit Server VM (17.0.9+0--11185874, mixed mode, sharing, tiered, compressed oops, compressed class ptrs, g1 gc, windows-amd64)
# No core dump will be written. Minidumps are not enabled by default on client versions of Windows
#

---------------  S U M M A R Y ------------

Command Line: org.jetbrains.kotlin.cli.jvm.K2JVMCompiler @C:\Users\Jesus\AndroidStudioProjects\Ingles\app\build\20240407_17067407205060411003.compiler.options

Host: AMD Ryzen 3 3300U with Radeon Vega Mobile Gfx  , 4 cores, 9G,  Windows 11 , 64 bit Build 22621 (10.0.22621.3374)
Time: Sun Apr  7 22:17:06 2024 Hora estándar central (México) elapsed time: 0.028526 seconds (0d 0h 0m 0s)

---------------  T H R E A D  ---------------

Current thread (0x0000022bd8c8a660):  JavaThread "Unknown thread" [_thread_in_vm, id=15980, stack(0x0000004435800000,0x0000004435900000)]

Stack: [0x0000004435800000,0x0000004435900000]
Native frames: (J=compiled Java code, j=interpreted, Vv=VM code, C=native code)
V  [jvm.dll+0x6886e9]
V  [jvm.dll+0x841e4a]
V  [jvm.dll+0x843a8e]
V  [jvm.dll+0x8440f3]
V  [jvm.dll+0x24c14f]
V  [jvm.dll+0x685499]
V  [jvm.dll+0x679c2a]
V  [jvm.dll+0x30cf9b]
V  [jvm.dll+0x314446]
V  [jvm.dll+0x364273]
V  [jvm.dll+0x36448f]
V  [jvm.dll+0x2e2d68]
V  [jvm.dll+0x2e3cd4]
V  [jvm.dll+0x8129f1]
V  [jvm.dll+0x3720c1]
V  [jvm.dll+0x7f152c]
V  [jvm.dll+0x3f5d4f]
V  [jvm.dll+0x3f7981]
C  [jli.dll+0x528f]
C  [ucrtbase.dll+0x29333]
C  [KERNEL32.DLL+0x1257d]
C  [ntdll.dll+0x5aa48]


---------------  P R O C E S S  ---------------

Threads class SMR info:
_java_thread_list=0x00007ffc9d43ef18, length=0, elements={
}

Java Threads: ( => current thread )

Other Threads:
  0x0000022bd8cd7310 GCTaskThread "GC Thread#0" [stack: 0x0000004435900000,0x0000004435a00000] [id=13884]
  0x0000022bd8ce2120 ConcurrentGCThread "G1 Main Marker" [stack: 0x0000004435a00000,0x0000004435b00000] [id=16008]
  0x0000022bd8ce2b40 ConcurrentGCThread "G1 Conc#0" [stack: 0x0000004435b00000,0x0000004435c00000] [id=9564]

[error occurred during error reporting (printing all threads), id 0xc0000005, EXCEPTION_ACCESS_VIOLATION (0xc0000005) at pc=0x00007ffc9cbf3937]

VM state: not at safepoint (not fully initialized)

VM Mutex/Monitor currently owned by a thread:  ([mutex/lock_event])
[0x0000022bd8c84370] Heap_lock - owner thread: 0x0000022bd8c8a660

Heap address: 0x0000000761400000, size: 2540 MB, Compressed Oops mode: Zero based, Oop shift amount: 3

CDS archive(s) mapped at: [0x0000000000000000-0x0000000000000000-0x0000000000000000), size 0, SharedBaseAddress: 0x0000000800000000, ArchiveRelocationMode: 1.
Narrow klass base: 0x0000000000000000, Narrow klass shift: 0, Narrow klass range: 0x0

GC Precious Log:
<Empty>

Heap:
 garbage-first heap   total 0K, used 0K [0x0000000761400000, 0x0000000800000000)
  region size 2048K, 0 young (0K), 0 survivors (0K)
 Metaspace       used 0K, committed 0K, reserved 0K
  class space    used 0K, committed 0K, reserved 0K

Heap Regions: E=young(eden), S=young(survivor), O=old, HS=humongous(starts), HC=humongous(continues), CS=collection set, F=free, OA=open archive, CA=closed archive, TAMS=top-at-mark-start (previous, next)

Card table byte_map: [0x0000022beb660000,0x0000022bebb60000] _byte_map_base: 0x0000022be7b56000

Marking Bits (Prev, Next): (CMBitMap*) 0x0000022bd8cd7930, (CMBitMap*) 0x0000022bd8cd7970
 Prev Bits: [0x0000022bec060000, 0x0000022bee810000)
 Next Bits: [0x0000022bee810000, 0x0000022bf0fc0000)

GC Heap History (0 events):
No events

Dll operation events (1 events):
Event: 0.018 Loaded shared library C:\Program Files\Android\Android Studio1\jbr\bin\java.dll

Deoptimization events (0 events):
No events

Classes unloaded (0 events):
No events

Classes redefined (0 events):
No events

Internal exceptions (0 events):
No events

VM Operations (0 events):
No events

Events (0 events):
No events


Dynamic libraries:
0x00007ff67d310000 - 0x00007ff67d31a000 	C:\Program Files\Android\Android Studio1\jbr\bin\java.exe
0x00007ffd13650000 - 0x00007ffd13866000 	C:\WINDOWS\SYSTEM32\ntdll.dll
0x00007ffd113d0000 - 0x00007ffd11494000 	C:\WINDOWS\System32\KERNEL32.DLL
0x00007ffd10de0000 - 0x00007ffd11187000 	C:\WINDOWS\System32\KERNELBASE.dll
0x00007ffd11260000 - 0x00007ffd11371000 	C:\WINDOWS\System32\ucrtbase.dll
0x00007ffcd78e0000 - 0x00007ffcd78f7000 	C:\Program Files\Android\Android Studio1\jbr\bin\jli.dll
0x00007ffd13160000 - 0x00007ffd1330e000 	C:\WINDOWS\System32\USER32.dll
0x00007ffd10db0000 - 0x00007ffd10dd6000 	C:\WINDOWS\System32\win32u.dll
0x00007ffd13360000 - 0x00007ffd13389000 	C:\WINDOWS\System32\GDI32.dll
0x00007ffd10bd0000 - 0x00007ffd10ce9000 	C:\WINDOWS\System32\gdi32full.dll
0x00007ffd111c0000 - 0x00007ffd1125a000 	C:\WINDOWS\System32\msvcp_win.dll
0x00007ffcf8b50000 - 0x00007ffcf8b6b000 	C:\Program Files\Android\Android Studio1\jbr\bin\VCRUNTIME140.dll
0x00007ffcf9d50000 - 0x00007ffcf9fe3000 	C:\WINDOWS\WinSxS\amd64_microsoft.windows.common-controls_6595b64144ccf1df_6.0.22621.3235_none_270f74e173860f98\COMCTL32.dll
0x00007ffd13560000 - 0x00007ffd13607000 	C:\WINDOWS\System32\msvcrt.dll
0x00007ffd13320000 - 0x00007ffd13351000 	C:\WINDOWS\System32\IMM32.DLL
0x00007ffd0bcb0000 - 0x00007ffd0bcbc000 	C:\Program Files\Android\Android Studio1\jbr\bin\vcruntime140_1.dll
0x00007ffce3c00000 - 0x00007ffce3c8d000 	C:\Program Files\Android\Android Studio1\jbr\bin\msvcp140.dll
0x00007ffc9c900000 - 0x00007ffc9d583000 	C:\Program Files\Android\Android Studio1\jbr\bin\server\jvm.dll
0x00007ffd12c50000 - 0x00007ffd12d02000 	C:\WINDOWS\System32\ADVAPI32.dll
0x00007ffd134a0000 - 0x00007ffd13548000 	C:\WINDOWS\System32\sechost.dll
0x00007ffd11190000 - 0x00007ffd111b8000 	C:\WINDOWS\System32\bcrypt.dll
0x00007ffd126f0000 - 0x00007ffd12805000 	C:\WINDOWS\System32\RPCRT4.dll
0x00007ffd10840000 - 0x00007ffd1088d000 	C:\WINDOWS\SYSTEM32\POWRPROF.dll
0x00007ffd068f0000 - 0x00007ffd068f9000 	C:\WINDOWS\SYSTEM32\WSOCK32.dll
0x00007ffd13390000 - 0x00007ffd13401000 	C:\WINDOWS\System32\WS2_32.dll
0x00007ffd08750000 - 0x00007ffd08784000 	C:\WINDOWS\SYSTEM32\WINMM.dll
0x00007ffd0a460000 - 0x00007ffd0a46a000 	C:\WINDOWS\SYSTEM32\VERSION.dll
0x00007ffd10820000 - 0x00007ffd10833000 	C:\WINDOWS\SYSTEM32\UMPDC.dll
0x00007ffd0f980000 - 0x00007ffd0f998000 	C:\WINDOWS\SYSTEM32\kernel.appcore.dll
0x00007ffd068e0000 - 0x00007ffd068ea000 	C:\Program Files\Android\Android Studio1\jbr\bin\jimage.dll
0x00007ffcf5080000 - 0x00007ffcf52b3000 	C:\WINDOWS\SYSTEM32\DBGHELP.DLL
0x00007ffd12830000 - 0x00007ffd12bb8000 	C:\WINDOWS\System32\combase.dll
0x00007ffd12440000 - 0x00007ffd12517000 	C:\WINDOWS\System32\OLEAUT32.dll
0x00007ffcf5040000 - 0x00007ffcf5072000 	C:\WINDOWS\SYSTEM32\dbgcore.DLL
0x00007ffd10b50000 - 0x00007ffd10bc9000 	C:\WINDOWS\System32\bcryptPrimitives.dll
0x00007ffcd7ed0000 - 0x00007ffcd7ef5000 	C:\Program Files\Android\Android Studio1\jbr\bin\java.dll

dbghelp: loaded successfully - version: 4.0.5 - missing functions: none
symbol engine: initialized successfully - sym options: 0x614 - pdb path: .;C:\Program Files\Android\Android Studio1\jbr\bin;C:\WINDOWS\SYSTEM32;C:\WINDOWS\WinSxS\amd64_microsoft.windows.common-controls_6595b64144ccf1df_6.0.22621.3235_none_270f74e173860f98;C:\Program Files\Android\Android Studio1\jbr\bin\server

VM Arguments:
java_command: org.jetbrains.kotlin.cli.jvm.K2JVMCompiler @C:\Users\Jesus\AndroidStudioProjects\Ingles\app\build\20240407_17067407205060411003.compiler.options
java_class_path (initial): C:\Users\Jesus\.gradle\caches\modules-2\files-2.1\org.jetbrains.kotlin\kotlin-compiler-embeddable\1.7.20\8db18559a581dd2c36ddfd5046af145650f5b126\kotlin-compiler-embeddable-1.7.20.jar;C:\Users\Jesus\.gradle\caches\modules-2\files-2.1\org.jetbrains.kotlin\kotlin-reflect\1.7.20\12b2501e33bb6373e8e347c86d85481863629381\kotlin-reflect-1.7.20.jar;C:\Users\Jesus\.gradle\caches\modules-2\files-2.1\org.jetbrains.kotlin\kotlin-stdlib\1.7.20\726594ea9ba2beb2ee113647fefa9a10f9fabe52\kotlin-stdlib-1.7.20.jar;C:\Users\Jesus\.gradle\caches\modules-2\files-2.1\org.jetbrains.kotlin\kotlin-script-runtime\1.7.20\bcd1cc6f865e632550357fcc59f5ffd532615a8\kotlin-script-runtime-1.7.20.jar;C:\Users\Jesus\.gradle\caches\modules-2\files-2.1\org.jetbrains.kotlin\kotlin-daemon-embeddable\1.7.20\1e24355adad8d529d75d5b19eab55484057431ba\kotlin-daemon-embeddable-1.7.20.jar;C:\Users\Jesus\.gradle\caches\modules-2\files-2.1\org.jetbrains.intellij.deps\trove4j\1.0.20200330\3afb14d5f9ceb459d724e907a21145e8ff394f02\trove4j-1.0.20200330.jar;C:\Users\Jesus\.gradle\caches\modules-2\files-2.1\net.java.dev.jna\jna\5.6.0\330f2244e9030119ab3030fc3fededc86713d9cc\jna-5.6.0.jar;C:\Users\Jesus\.gradle\caches\modules-2\files-2.1\org.jetbrains.kotlin\kotlin-stdlib-common\1.7.20\e15351bdaf9fa06f009be5da7a202e4184f00ae3\kotlin-stdlib-common-1.7.20.jar;C:\Users\Jesus\.gradle\caches\modules-2\files-2.1\org.jetbrains\annotations\13.0\919f0dfe192fb4e063e7dacadee7f8bb9a2672a9\annotations-13.0.jar
Launcher Type: SUN_STANDARD

[Global flags]
     intx CICompilerCount                          = 3                                         {product} {ergonomic}
     uint ConcGCThreads                            = 1                                         {product} {ergonomic}
     uint G1ConcRefinementThreads                  = 4                                         {product} {ergonomic}
   size_t G1HeapRegionSize                         = 2097152                                   {product} {ergonomic}
    uintx GCDrainStackTargetSize                   = 64                                        {product} {ergonomic}
   size_t InitialHeapSize                          = 167772160                                 {product} {ergonomic}
   size_t MarkStackSize                            = 4194304                                   {product} {ergonomic}
   size_t MaxHeapSize                              = 2663383040                                {product} {ergonomic}
   size_t MinHeapDeltaBytes                        = 2097152                                   {product} {ergonomic}
   size_t MinHeapSize                              = 8388608                                   {product} {ergonomic}
    uintx NonNMethodCodeHeapSize                   = 5832780                                {pd product} {ergonomic}
    uintx NonProfiledCodeHeapSize                  = 122912730                              {pd product} {ergonomic}
    uintx ProfiledCodeHeapSize                     = 122912730                              {pd product} {ergonomic}
    uintx ReservedCodeCacheSize                    = 251658240                              {pd product} {ergonomic}
     bool SegmentedCodeCache                       = true                                      {product} {ergonomic}
   size_t SoftMaxHeapSize                          = 2663383040                             {manageable} {ergonomic}
     bool UseCompressedClassPointers               = true                           {product lp64_product} {ergonomic}
     bool UseCompressedOops                        = true                           {product lp64_product} {ergonomic}
     bool UseG1GC                                  = true                                      {product} {ergonomic}
     bool UseLargePagesIndividualAllocation        = false                                  {pd product} {ergonomic}

Logging:
Log output configuration:
 #0: stdout all=warning uptime,level,tags
 #1: stderr all=off uptime,level,tags

Environment Variables:
PATH=C:\Program Files\Common Files\Oracle\Java\javapath;C:\WINDOWS\system32;C:\WINDOWS;C:\WINDOWS\System32\Wbem;C:\WINDOWS\System32\WindowsPowerShell\v1.0\;C:\WINDOWS\System32\OpenSSH\;C:\Program Files\Java\jdk-18.0.2.1;;C:\Program Files\HP\HP One Agent;C:\Users\Jesus\AppData\Local\Programs\Python\Launcher\;C:\Users\Jesus\AppData\Local\Microsoft\WindowsApps;;C:\Program Files\Azure Data Studio\bin
USERNAME=Jesus
OS=Windows_NT
PROCESSOR_IDENTIFIER=AMD64 Family 23 Model 24 Stepping 1, AuthenticAMD
TMP=C:\Users\Jesus\AppData\Local\Temp
TEMP=C:\Users\Jesus\AppData\Local\Temp



Periodic native trim disabled

JNI global refs:
JNI global refs: 0, weak refs: 0

JNI global refs memory usage: 0, weak refs: 0

OOME stack traces (most recent first):
Classloader memory used:


---------------  S Y S T E M  ---------------

OS:
 Windows 11 , 64 bit Build 22621 (10.0.22621.3374)
OS uptime: 0 days 21:11 hours
Hyper-V role detected

CPU: total 4 (initial active 4) (4 cores per cpu, 1 threads per core) family 23 model 24 stepping 1 microcode 0x0, cx8, cmov, fxsr, mmx, 3dnowpref, sse, sse2, sse3, ssse3, sse4a, sse4.1, sse4.2, popcnt, lzcnt, tsc, tscinvbit, avx, avx2, aes, clmul, bmi1, bmi2, adx, sha, fma, vzeroupper, clflush, clflushopt, hv
Processor Information for all 4 processors :
  Max Mhz: 2100, Current Mhz: 2100, Mhz Limit: 2100

Memory: 4k page, system-wide physical 10153M (1376M free)
TotalPageFile size 12201M (AvailPageFile size 7M)
current process WorkingSet (physical memory assigned to process): 11M, peak: 11M
current process commit charge ("private bytes"): 212M, peak: 214M

vm_info: OpenJDK 64-Bit Server VM (17.0.9+0--11185874) for windows-amd64 JRE (17.0.9+0--11185874), built on Dec  6 2023 18:57:44 by "androidbuild" with MS VC++ 16.10 / 16.11 (VS2019)

END.
